#
# There is insufficient memory for the Java Runtime Environment to continue.
# Native memory allocation (malloc) failed to allocate 1318256 bytes for Chunk::new
# Possible reasons:
#   The system is out of physical RAM or swap space
#   The process is running with CompressedOops enabled, and the Java Heap may be blocking the growth of the native heap
# Possible solutions:
#   Reduce memory load on the system
#   Increase physical memory or swap space
#   Check if swap backing store is full
#   Decrease Java heap size (-Xmx/-Xms)
#   Decrease number of Java threads
#   Decrease Java thread stack sizes (-Xss)
#   Set larger code cache with -XX:ReservedCodeCacheSize=
#   JVM is running with Unscaled Compressed Oops mode in which the Java heap is
#     placed in the first 4GB address space. The Java Heap base address is the
#     maximum limit for the native heap growth. Please use -XX:HeapBaseMinAddress
#     to set the Java Heap base and to place the Java Heap above 4GB virtual address.
# This output file may be truncated or incomplete.
#
#  Out of Memory Error (arena.cpp:191), pid=40448, tid=70672
#
# JRE version: OpenJDK Runtime Environment Corretto-17.0.9.8.1 (17.0.9+8) (build 17.0.9+8-LTS)
# Java VM: OpenJDK 64-Bit Server VM Corretto-17.0.9.8.1 (17.0.9+8-LTS, mixed mode, sharing, tiered, compressed oops, compressed class ptrs, g1 gc, windows-amd64)
# No core dump will be written. Minidumps are not enabled by default on client versions of Windows
#

---------------  S U M M A R Y ------------

Command Line: --add-opens=java.base/java.util=ALL-UNNAMED --add-opens=java.base/java.lang=ALL-UNNAMED --add-opens=java.base/java.lang.invoke=ALL-UNNAMED --add-opens=java.prefs/java.util.prefs=ALL-UNNAMED --add-opens=java.base/java.nio.charset=ALL-UNNAMED --add-opens=java.base/java.net=ALL-UNNAMED --add-opens=java.base/java.util.concurrent.atomic=ALL-UNNAMED -XX:MaxMetaspaceSize=384m -XX:+HeapDumpOnOutOfMemoryError -Xms256m -Xmx512m -Dfile.encoding=windows-1252 -Duser.country=GB -Duser.language=en -Duser.variant -javaagent:C:\Users\Radon\.gradle\wrapper\dists\gradle-8.7-bin\bhs2wmbdwecv87pi65oeuq5iu\gradle-8.7\lib\agents\gradle-instrumentation-agent-8.7.jar org.gradle.launcher.daemon.bootstrap.GradleDaemon 8.7

Host: 13th Gen Intel(R) Core(TM) i5-13600K, 20 cores, 31G,  Windows 11 , 64 bit Build 22621 (10.0.22621.3527)
Time: Sat May 25 08:18:59 2024 FLE Summer Time elapsed time: 11.856717 seconds (0d 0h 0m 11s)

---------------  T H R E A D  ---------------

Current thread (0x0000023e5bae8610):  JavaThread "C2 CompilerThread1" daemon [_thread_in_native, id=70672, stack(0x000000b42f600000,0x000000b42f700000)]


Current CompileTask:
C2:  11856 5280       4       java.net.URLClassLoader$1::run (5 bytes)

Stack: [0x000000b42f600000,0x000000b42f700000]
Native frames: (J=compiled Java code, j=interpreted, Vv=VM code, C=native code)
V  [jvm.dll+0x67cb49]
V  [jvm.dll+0x8344da]
V  [jvm.dll+0x835f9e]
V  [jvm.dll+0x836603]
V  [jvm.dll+0x247b5f]
V  [jvm.dll+0xac43c]
V  [jvm.dll+0xaca8c]
V  [jvm.dll+0x366c87]
V  [jvm.dll+0x330fda]
V  [jvm.dll+0x33047a]
V  [jvm.dll+0x21a201]
V  [jvm.dll+0x219621]
V  [jvm.dll+0x1a56cd]
V  [jvm.dll+0x2293ee]
V  [jvm.dll+0x2275bc]
V  [jvm.dll+0x7e95a7]
V  [jvm.dll+0x7e396a]
V  [jvm.dll+0x67ba35]
C  [ucrtbase.dll+0x29333]
C  [KERNEL32.DLL+0x1257d]
C  [ntdll.dll+0x5aa48]


---------------  P R O C E S S  ---------------

Threads class SMR info:
_java_thread_list=0x0000023e5d71b8d0, length=67, elements={
0x0000023e2600ec90, 0x0000023e41a97730, 0x0000023e41a984c0, 0x0000023e41aabf80,
0x0000023e41aada60, 0x0000023e41aae430, 0x0000023e41bb34a0, 0x0000023e41bb40a0,
0x0000023e41bbf9e0, 0x0000023e41bc02f0, 0x0000023e41a7f070, 0x0000023e41cf4d20,
0x0000023e41cf9250, 0x0000023e41d5ea50, 0x0000023e5cd64650, 0x0000023e5d837ba0,
0x0000023e5c91b090, 0x0000023e5cc62ea0, 0x0000023e5cc89210, 0x0000023e5ba55040,
0x0000023e5b02e0a0, 0x0000023e5b02f590, 0x0000023e5d408500, 0x0000023e5d408a10,
0x0000023e5d409430, 0x0000023e5d409940, 0x0000023e5d40b290, 0x0000023e5d409e50,
0x0000023e5d40a870, 0x0000023e5d407ff0, 0x0000023e5dd8ad60, 0x0000023e5dd8a850,
0x0000023e5dd89920, 0x0000023e5dd8bc90, 0x0000023e5dd8c1a0, 0x0000023e5dd89e30,
0x0000023e5dd8b780, 0x0000023e5dd8c6b0, 0x0000023e5dd8b270, 0x0000023e5dd8cbc0,
0x0000023e5dd8a340, 0x0000023e5dd89410, 0x0000023e5f24ad80, 0x0000023e5f24ea40,
0x0000023e5f248500, 0x0000023e5f24e530, 0x0000023e5f24c6d0, 0x0000023e5f248a10,
0x0000023e5f24cbe0, 0x0000023e5f24d600, 0x0000023e5f24b7a0, 0x0000023e5f8691e0,
0x0000023e5f8696f0, 0x0000023e5c774bb0, 0x0000023e5f247ff0, 0x0000023e5f24bcb0,
0x0000023e5f24a360, 0x0000023e5f24ef50, 0x0000023e5f249e50, 0x0000023e5b08edb0,
0x0000023e5d3292b0, 0x0000023e5d328da0, 0x0000023e5d329cd0, 0x0000023e5b08f2c0,
0x0000023e5d3297c0, 0x0000023e5bae8610, 0x0000023e5bda4f70
}

Java Threads: ( => current thread )
  0x0000023e2600ec90 JavaThread "main" [_thread_blocked, id=64936, stack(0x000000b42e300000,0x000000b42e400000)]
  0x0000023e41a97730 JavaThread "Reference Handler" daemon [_thread_blocked, id=20172, stack(0x000000b42ea00000,0x000000b42eb00000)]
  0x0000023e41a984c0 JavaThread "Finalizer" daemon [_thread_blocked, id=62356, stack(0x000000b42eb00000,0x000000b42ec00000)]
  0x0000023e41aabf80 JavaThread "Signal Dispatcher" daemon [_thread_blocked, id=8572, stack(0x000000b42ec00000,0x000000b42ed00000)]
  0x0000023e41aada60 JavaThread "Attach Listener" daemon [_thread_blocked, id=61492, stack(0x000000b42ed00000,0x000000b42ee00000)]
  0x0000023e41aae430 JavaThread "Service Thread" daemon [_thread_blocked, id=47792, stack(0x000000b42ee00000,0x000000b42ef00000)]
  0x0000023e41bb34a0 JavaThread "Monitor Deflation Thread" daemon [_thread_blocked, id=63800, stack(0x000000b42ef00000,0x000000b42f000000)]
  0x0000023e41bb40a0 JavaThread "C2 CompilerThread0" daemon [_thread_in_native, id=68324, stack(0x000000b42f000000,0x000000b42f100000)]
  0x0000023e41bbf9e0 JavaThread "C1 CompilerThread0" daemon [_thread_blocked, id=62524, stack(0x000000b42f100000,0x000000b42f200000)]
  0x0000023e41bc02f0 JavaThread "Sweeper thread" daemon [_thread_blocked, id=5636, stack(0x000000b42f200000,0x000000b42f300000)]
  0x0000023e41a7f070 JavaThread "Common-Cleaner" daemon [_thread_blocked, id=7216, stack(0x000000b42f300000,0x000000b42f400000)]
  0x0000023e41cf4d20 JavaThread "C1 CompilerThread1" daemon [_thread_blocked, id=61668, stack(0x000000b42f400000,0x000000b42f500000)]
  0x0000023e41cf9250 JavaThread "C1 CompilerThread2" daemon [_thread_blocked, id=20344, stack(0x000000b42f500000,0x000000b42f600000)]
  0x0000023e41d5ea50 JavaThread "Notification Thread" daemon [_thread_blocked, id=43792, stack(0x000000b42f700000,0x000000b42f800000)]
  0x0000023e5cd64650 JavaThread "C1 CompilerThread3" daemon [_thread_blocked, id=36308, stack(0x000000b42ff00000,0x000000b430000000)]
  0x0000023e5d837ba0 JavaThread "Daemon health stats" [_thread_blocked, id=50912, stack(0x000000b430000000,0x000000b430100000)]
  0x0000023e5c91b090 JavaThread "Incoming local TCP Connector on port 59743" [_thread_in_native, id=26100, stack(0x000000b430100000,0x000000b430200000)]
  0x0000023e5cc62ea0 JavaThread "Daemon periodic checks" [_thread_blocked, id=14304, stack(0x000000b430200000,0x000000b430300000)]
  0x0000023e5cc89210 JavaThread "Daemon" [_thread_blocked, id=49144, stack(0x000000b430300000,0x000000b430400000)]
  0x0000023e5ba55040 JavaThread "Handler for socket connection from /127.0.0.1:59743 to /127.0.0.1:59744" [_thread_in_native, id=68804, stack(0x000000b430400000,0x000000b430500000)]
  0x0000023e5b02e0a0 JavaThread "Cancel handler" [_thread_blocked, id=28124, stack(0x000000b430500000,0x000000b430600000)]
  0x0000023e5b02f590 JavaThread "Daemon worker" [_thread_in_vm, id=12588, stack(0x000000b430600000,0x000000b430700000)]
  0x0000023e5d408500 JavaThread "Asynchronous log dispatcher for DefaultDaemonConnection: socket connection from /127.0.0.1:59743 to /127.0.0.1:59744" [_thread_blocked, id=25632, stack(0x000000b430700000,0x000000b430800000)]
  0x0000023e5d408a10 JavaThread "Stdin handler" [_thread_blocked, id=70564, stack(0x000000b430800000,0x000000b430900000)]
  0x0000023e5d409430 JavaThread "Daemon client event forwarder" [_thread_blocked, id=37924, stack(0x000000b430900000,0x000000b430a00000)]
  0x0000023e5d409940 JavaThread "Cache worker for journal cache (C:\Users\Radon\.gradle\caches\journal-1)" [_thread_blocked, id=70188, stack(0x000000b430a00000,0x000000b430b00000)]
  0x0000023e5d40b290 JavaThread "File lock request listener" [_thread_in_native, id=56008, stack(0x000000b430b00000,0x000000b430c00000)]
  0x0000023e5d409e50 JavaThread "Cache worker for file hash cache (C:\Users\Radon\.gradle\caches\8.7\fileHashes)" [_thread_blocked, id=69168, stack(0x000000b430c00000,0x000000b430d00000)]
  0x0000023e5d40a870 JavaThread "Cache worker for file hash cache (C:\Users\Radon\Desktop\dev\jujutsu-kaisen\.gradle\8.7\fileHashes)" [_thread_blocked, id=13852, stack(0x000000b430d00000,0x000000b430e00000)]
  0x0000023e5d407ff0 JavaThread "File watcher server" daemon [_thread_in_native, id=27284, stack(0x000000b431a00000,0x000000b431b00000)]
  0x0000023e5dd8ad60 JavaThread "File watcher consumer" daemon [_thread_blocked, id=30224, stack(0x000000b431b00000,0x000000b431c00000)]
  0x0000023e5dd8a850 JavaThread "jar transforms" [_thread_blocked, id=58680, stack(0x000000b431c00000,0x000000b431d00000)]
  0x0000023e5dd89920 JavaThread "jar transforms Thread 2" [_thread_blocked, id=38144, stack(0x000000b431d00000,0x000000b431e00000)]
  0x0000023e5dd8bc90 JavaThread "jar transforms Thread 3" [_thread_blocked, id=70664, stack(0x000000b431e00000,0x000000b431f00000)]
  0x0000023e5dd8c1a0 JavaThread "jar transforms Thread 4" [_thread_blocked, id=30592, stack(0x000000b431f00000,0x000000b432000000)]
  0x0000023e5dd89e30 JavaThread "jar transforms Thread 5" [_thread_blocked, id=47352, stack(0x000000b432000000,0x000000b432100000)]
  0x0000023e5dd8b780 JavaThread "jar transforms Thread 6" [_thread_blocked, id=52884, stack(0x000000b432100000,0x000000b432200000)]
  0x0000023e5dd8c6b0 JavaThread "jar transforms Thread 7" [_thread_blocked, id=64796, stack(0x000000b432200000,0x000000b432300000)]
  0x0000023e5dd8b270 JavaThread "jar transforms Thread 8" [_thread_blocked, id=8200, stack(0x000000b432300000,0x000000b432400000)]
  0x0000023e5dd8cbc0 JavaThread "jar transforms Thread 9" [_thread_blocked, id=62336, stack(0x000000b432400000,0x000000b432500000)]
  0x0000023e5dd8a340 JavaThread "jar transforms Thread 10" [_thread_blocked, id=25964, stack(0x000000b432500000,0x000000b432600000)]
  0x0000023e5dd89410 JavaThread "jar transforms Thread 11" [_thread_blocked, id=32648, stack(0x000000b432600000,0x000000b432700000)]
  0x0000023e5f24ad80 JavaThread "jar transforms Thread 12" [_thread_blocked, id=41160, stack(0x000000b432700000,0x000000b432800000)]
  0x0000023e5f24ea40 JavaThread "jar transforms Thread 13" [_thread_blocked, id=68852, stack(0x000000b432800000,0x000000b432900000)]
  0x0000023e5f248500 JavaThread "jar transforms Thread 14" [_thread_blocked, id=59716, stack(0x000000b432900000,0x000000b432a00000)]
  0x0000023e5f24e530 JavaThread "Cache worker for checksums cache (C:\Users\Radon\Desktop\dev\jujutsu-kaisen\.gradle\8.7\checksums)" [_thread_blocked, id=47844, stack(0x000000b42f900000,0x000000b42fa00000)]
  0x0000023e5f24c6d0 JavaThread "Cache worker for cache directory md-supplier (C:\Users\Radon\.gradle\caches\8.7\md-supplier)" [_thread_blocked, id=64920, stack(0x000000b432a00000,0x000000b432b00000)]
  0x0000023e5f248a10 JavaThread "Cache worker for cache directory md-rule (C:\Users\Radon\.gradle\caches\8.7\md-rule)" [_thread_blocked, id=38736, stack(0x000000b432b00000,0x000000b432c00000)]
  0x0000023e5f24cbe0 JavaThread "Cache worker for file content cache (C:\Users\Radon\.gradle\caches\8.7\fileContent)" [_thread_blocked, id=18980, stack(0x000000b432c00000,0x000000b432d00000)]
  0x0000023e5f24d600 JavaThread "jar transforms Thread 15" [_thread_blocked, id=40656, stack(0x000000b432d00000,0x000000b432e00000)]
  0x0000023e5f24b7a0 JavaThread "jar transforms Thread 16" [_thread_blocked, id=19688, stack(0x000000b432e00000,0x000000b432f00000)]
  0x0000023e5f8691e0 JavaThread "jar transforms Thread 17" [_thread_blocked, id=48372, stack(0x000000b433100000,0x000000b433200000)]
  0x0000023e5f8696f0 JavaThread "jar transforms Thread 18" [_thread_blocked, id=51964, stack(0x000000b433200000,0x000000b433300000)]
  0x0000023e5c774bb0 JavaThread "jar transforms Thread 19" [_thread_blocked, id=37504, stack(0x000000b433300000,0x000000b433400000)]
  0x0000023e5f247ff0 JavaThread "Unconstrained build operations" [_thread_blocked, id=26504, stack(0x000000b433400000,0x000000b433500000)]
  0x0000023e5f24bcb0 JavaThread "Unconstrained build operations Thread 2" [_thread_blocked, id=44908, stack(0x000000b433500000,0x000000b433600000)]
  0x0000023e5f24a360 JavaThread "Unconstrained build operations Thread 3" [_thread_blocked, id=36792, stack(0x000000b433600000,0x000000b433700000)]
  0x0000023e5f24ef50 JavaThread "Unconstrained build operations Thread 4" [_thread_blocked, id=25988, stack(0x000000b433700000,0x000000b433800000)]
  0x0000023e5f249e50 JavaThread "Unconstrained build operations Thread 5" [_thread_blocked, id=37184, stack(0x000000b433800000,0x000000b433900000)]
  0x0000023e5b08edb0 JavaThread "Unconstrained build operations Thread 6" [_thread_blocked, id=65708, stack(0x000000b433900000,0x000000b433a00000)]
  0x0000023e5d3292b0 JavaThread "Unconstrained build operations Thread 7" [_thread_blocked, id=45920, stack(0x000000b433a00000,0x000000b433b00000)]
  0x0000023e5d328da0 JavaThread "Unconstrained build operations Thread 8" [_thread_blocked, id=44768, stack(0x000000b433b00000,0x000000b433c00000)]
  0x0000023e5d329cd0 JavaThread "Unconstrained build operations Thread 9" [_thread_blocked, id=59256, stack(0x000000b433c00000,0x000000b433d00000)]
  0x0000023e5b08f2c0 JavaThread "Unconstrained build operations Thread 10" [_thread_blocked, id=8228, stack(0x000000b433d00000,0x000000b433e00000)]
  0x0000023e5d3297c0 JavaThread "jar transforms Thread 20" [_thread_blocked, id=26420, stack(0x000000b433e00000,0x000000b433f00000)]
=>0x0000023e5bae8610 JavaThread "C2 CompilerThread1" daemon [_thread_in_native, id=70672, stack(0x000000b42f600000,0x000000b42f700000)]
  0x0000023e5bda4f70 JavaThread "C2 CompilerThread2" daemon [_thread_in_native, id=32716, stack(0x000000b432f00000,0x000000b433000000)]

Other Threads:
  0x0000023e41a8fb30 VMThread "VM Thread" [stack: 0x000000b42e900000,0x000000b42ea00000] [id=67684]
  0x0000023e41e1ea50 WatcherThread [stack: 0x000000b42f800000,0x000000b42f900000] [id=55804]
  0x0000023e2603f1f0 GCTaskThread "GC Thread#0" [stack: 0x000000b42e400000,0x000000b42e500000] [id=48360]
  0x0000023e5b694250 GCTaskThread "GC Thread#1" [stack: 0x000000b42fa00000,0x000000b42fb00000] [id=67560]
  0x0000023e5b695850 GCTaskThread "GC Thread#2" [stack: 0x000000b42fb00000,0x000000b42fc00000] [id=42956]
  0x0000023e5b694a90 GCTaskThread "GC Thread#3" [stack: 0x000000b42fc00000,0x000000b42fd00000] [id=10500]
  0x0000023e5b693f90 GCTaskThread "GC Thread#4" [stack: 0x000000b42fd00000,0x000000b42fe00000] [id=7268]
  0x0000023e5b6952d0 GCTaskThread "GC Thread#5" [stack: 0x000000b42fe00000,0x000000b42ff00000] [id=50096]
  0x0000023e5b694d50 GCTaskThread "GC Thread#6" [stack: 0x000000b430e00000,0x000000b430f00000] [id=40196]
  0x0000023e5b695010 GCTaskThread "GC Thread#7" [stack: 0x000000b430f00000,0x000000b431000000] [id=13788]
  0x0000023e5dcbfa90 GCTaskThread "GC Thread#8" [stack: 0x000000b431000000,0x000000b431100000] [id=66528]
  0x0000023e5dcbd6d0 GCTaskThread "GC Thread#9" [stack: 0x000000b431100000,0x000000b431200000] [id=6544]
  0x0000023e5dcbd150 GCTaskThread "GC Thread#10" [stack: 0x000000b431200000,0x000000b431300000] [id=39812]
  0x0000023e5dcbd990 GCTaskThread "GC Thread#11" [stack: 0x000000b431300000,0x000000b431400000] [id=39712]
  0x0000023e5dcbd410 GCTaskThread "GC Thread#12" [stack: 0x000000b431400000,0x000000b431500000] [id=54288]
  0x0000023e5dcbdf10 GCTaskThread "GC Thread#13" [stack: 0x000000b431500000,0x000000b431600000] [id=64176]
  0x0000023e5dcbfd50 GCTaskThread "GC Thread#14" [stack: 0x000000b431600000,0x000000b431700000] [id=47652]
  0x0000023e26044050 ConcurrentGCThread "G1 Main Marker" [stack: 0x000000b42e500000,0x000000b42e600000] [id=62980]
  0x0000023e26044980 ConcurrentGCThread "G1 Conc#0" [stack: 0x000000b42e600000,0x000000b42e700000] [id=62860]
  0x0000023e5dcbecd0 ConcurrentGCThread "G1 Conc#1" [stack: 0x000000b431700000,0x000000b431800000] [id=39832]
  0x0000023e5dcbdc50 ConcurrentGCThread "G1 Conc#2" [stack: 0x000000b431800000,0x000000b431900000] [id=58860]
  0x0000023e5dcbe490 ConcurrentGCThread "G1 Conc#3" [stack: 0x000000b431900000,0x000000b431a00000] [id=26716]
  0x0000023e260be5d0 ConcurrentGCThread "G1 Refine#0" [stack: 0x000000b42e700000,0x000000b42e800000] [id=18644]
  0x0000023e41952200 ConcurrentGCThread "G1 Service" [stack: 0x000000b42e800000,0x000000b42e900000] [id=43596]

Threads with active compile tasks:
C2 CompilerThread0    11863 5281   !   4       java.net.URLClassLoader$1::run (81 bytes)
C2 CompilerThread1    11863 5280       4       java.net.URLClassLoader$1::run (5 bytes)
C2 CompilerThread2    11863 5279   !   4       java.net.URLClassLoader::findClass (47 bytes)

VM state: not at safepoint (normal execution)

VM Mutex/Monitor currently owned by a thread: None

Heap address: 0x00000000e0000000, size: 512 MB, Compressed Oops mode: 32-bit

CDS archive(s) mapped at: [0x0000023e42000000-0x0000023e42ba0000-0x0000023e42ba0000), size 12189696, SharedBaseAddress: 0x0000023e42000000, ArchiveRelocationMode: 1.
Compressed class space mapped at: 0x0000023e43000000-0x0000023e57000000, reserved size: 335544320
Narrow klass base: 0x0000023e42000000, Narrow klass shift: 0, Narrow klass range: 0x100000000

GC Precious Log:
 CPUs: 20 total, 20 available
 Memory: 32538M
 Large Page Support: Disabled
 NUMA Support: Disabled
 Compressed Oops: Enabled (32-bit)
 Heap Region Size: 1M
 Heap Min Capacity: 256M
 Heap Initial Capacity: 256M
 Heap Max Capacity: 512M
 Pre-touch: Disabled
 Parallel Workers: 15
 Concurrent Workers: 4
 Concurrent Refinement Workers: 15
 Periodic GC: Disabled

Heap:
 garbage-first heap   total 262144K, used 150017K [0x00000000e0000000, 0x0000000100000000)
  region size 1024K, 105 young (107520K), 11 survivors (11264K)
 Metaspace       used 43615K, committed 44160K, reserved 393216K
  class space    used 6062K, committed 6336K, reserved 327680K

Heap Regions: E=young(eden), S=young(survivor), O=old, HS=humongous(starts), HC=humongous(continues), CS=collection set, F=free, OA=open archive, CA=closed archive, TAMS=top-at-mark-start (previous, next)
|   0|0x00000000e0000000, 0x00000000e0100000, 0x00000000e0100000|100%|HS|  |TAMS 0x00000000e0100000, 0x00000000e0000000| Complete 
|   1|0x00000000e0100000, 0x00000000e0200000, 0x00000000e0200000|100%|HC|  |TAMS 0x00000000e0200000, 0x00000000e0100000| Complete 
|   2|0x00000000e0200000, 0x00000000e0300000, 0x00000000e0300000|100%|HC|  |TAMS 0x00000000e0300000, 0x00000000e0200000| Complete 
|   3|0x00000000e0300000, 0x00000000e0400000, 0x00000000e0400000|100%|HC|  |TAMS 0x00000000e0400000, 0x00000000e0300000| Complete 
|   4|0x00000000e0400000, 0x00000000e0500000, 0x00000000e0500000|100%| O|  |TAMS 0x00000000e0500000, 0x00000000e0400000| Untracked 
|   5|0x00000000e0500000, 0x00000000e0600000, 0x00000000e0600000|100%| O|  |TAMS 0x00000000e0600000, 0x00000000e0500000| Untracked 
|   6|0x00000000e0600000, 0x00000000e0700000, 0x00000000e0700000|100%| O|  |TAMS 0x00000000e0700000, 0x00000000e0600000| Untracked 
|   7|0x00000000e0700000, 0x00000000e0800000, 0x00000000e0800000|100%| O|  |TAMS 0x00000000e0800000, 0x00000000e0700000| Untracked 
|   8|0x00000000e0800000, 0x00000000e0900000, 0x00000000e0900000|100%| O|  |TAMS 0x00000000e0900000, 0x00000000e0800000| Untracked 
|   9|0x00000000e0900000, 0x00000000e0a00000, 0x00000000e0a00000|100%| O|  |TAMS 0x00000000e0a00000, 0x00000000e0900000| Untracked 
|  10|0x00000000e0a00000, 0x00000000e0b00000, 0x00000000e0b00000|100%| O|  |TAMS 0x00000000e0a8e400, 0x00000000e0a00000| Untracked 
|  11|0x00000000e0b00000, 0x00000000e0c00000, 0x00000000e0c00000|100%|HS|  |TAMS 0x00000000e0c00000, 0x00000000e0b00000| Complete 
|  12|0x00000000e0c00000, 0x00000000e0d00000, 0x00000000e0d00000|100%|HC|  |TAMS 0x00000000e0d00000, 0x00000000e0c00000| Complete 
|  13|0x00000000e0d00000, 0x00000000e0e00000, 0x00000000e0e00000|100%|HS|  |TAMS 0x00000000e0e00000, 0x00000000e0d00000| Complete 
|  14|0x00000000e0e00000, 0x00000000e0f00000, 0x00000000e0f00000|100%|HC|  |TAMS 0x00000000e0f00000, 0x00000000e0e00000| Complete 
|  15|0x00000000e0f00000, 0x00000000e1000000, 0x00000000e1000000|100%|HC|  |TAMS 0x00000000e1000000, 0x00000000e0f00000| Complete 
|  16|0x00000000e1000000, 0x00000000e1100000, 0x00000000e1100000|100%|HS|  |TAMS 0x00000000e1100000, 0x00000000e1000000| Complete 
|  17|0x00000000e1100000, 0x00000000e1200000, 0x00000000e1200000|100%|HC|  |TAMS 0x00000000e1200000, 0x00000000e1100000| Complete 
|  18|0x00000000e1200000, 0x00000000e1300000, 0x00000000e1300000|100%|HC|  |TAMS 0x00000000e1300000, 0x00000000e1200000| Complete 
|  19|0x00000000e1300000, 0x00000000e1400000, 0x00000000e1400000|100%|HS|  |TAMS 0x00000000e1400000, 0x00000000e1300000| Complete 
|  20|0x00000000e1400000, 0x00000000e1500000, 0x00000000e1500000|100%|HC|  |TAMS 0x00000000e1500000, 0x00000000e1400000| Complete 
|  21|0x00000000e1500000, 0x00000000e1600000, 0x00000000e1600000|100%|HC|  |TAMS 0x00000000e1600000, 0x00000000e1500000| Complete 
|  22|0x00000000e1600000, 0x00000000e1700000, 0x00000000e1700000|100%|HS|  |TAMS 0x00000000e1600000, 0x00000000e1600000| Complete 
|  23|0x00000000e1700000, 0x00000000e1800000, 0x00000000e1800000|100%|HC|  |TAMS 0x00000000e1700000, 0x00000000e1700000| Complete 
|  24|0x00000000e1800000, 0x00000000e1900000, 0x00000000e1900000|100%|HC|  |TAMS 0x00000000e1800000, 0x00000000e1800000| Complete 
|  25|0x00000000e1900000, 0x00000000e1a00000, 0x00000000e1a00000|100%|HS|  |TAMS 0x00000000e1900000, 0x00000000e1900000| Complete 
|  26|0x00000000e1a00000, 0x00000000e1b00000, 0x00000000e1b00000|100%|HS|  |TAMS 0x00000000e1a00000, 0x00000000e1a00000| Complete 
|  27|0x00000000e1b00000, 0x00000000e1c00000, 0x00000000e1c00000|100%| O|  |TAMS 0x00000000e1b00000, 0x00000000e1b00000| Untracked 
|  28|0x00000000e1c00000, 0x00000000e1d00000, 0x00000000e1d00000|100%| O|  |TAMS 0x00000000e1c00000, 0x00000000e1c00000| Untracked 
|  29|0x00000000e1d00000, 0x00000000e1e00000, 0x00000000e1e00000|100%| O|  |TAMS 0x00000000e1d00000, 0x00000000e1d00000| Untracked 
|  30|0x00000000e1e00000, 0x00000000e1f00000, 0x00000000e1f00000|100%| O|  |TAMS 0x00000000e1e00000, 0x00000000e1e00000| Untracked 
|  31|0x00000000e1f00000, 0x00000000e2000000, 0x00000000e2000000|100%| O|  |TAMS 0x00000000e1f00000, 0x00000000e1f00000| Untracked 
|  32|0x00000000e2000000, 0x00000000e2100000, 0x00000000e2100000|100%| O|  |TAMS 0x00000000e2000000, 0x00000000e2000000| Untracked 
|  33|0x00000000e2100000, 0x00000000e2200000, 0x00000000e2200000|100%| O|  |TAMS 0x00000000e2100000, 0x00000000e2100000| Untracked 
|  34|0x00000000e2200000, 0x00000000e2300000, 0x00000000e2300000|100%| O|  |TAMS 0x00000000e2200000, 0x00000000e2200000| Untracked 
|  35|0x00000000e2300000, 0x00000000e2400000, 0x00000000e2400000|100%| O|  |TAMS 0x00000000e2300000, 0x00000000e2300000| Untracked 
|  36|0x00000000e2400000, 0x00000000e2500000, 0x00000000e2500000|100%| O|  |TAMS 0x00000000e2400000, 0x00000000e2400000| Untracked 
|  37|0x00000000e2500000, 0x00000000e2600000, 0x00000000e2600000|100%| O|  |TAMS 0x00000000e2500000, 0x00000000e2500000| Untracked 
|  38|0x00000000e2600000, 0x00000000e260a600, 0x00000000e2700000|  4%| O|  |TAMS 0x00000000e2600000, 0x00000000e2600000| Untracked 
|  39|0x00000000e2700000, 0x00000000e2800000, 0x00000000e2800000|100%|HS|  |TAMS 0x00000000e2700000, 0x00000000e2700000| Complete 
|  40|0x00000000e2800000, 0x00000000e2900000, 0x00000000e2900000|100%|HC|  |TAMS 0x00000000e2800000, 0x00000000e2800000| Complete 
|  41|0x00000000e2900000, 0x00000000e2a00000, 0x00000000e2a00000|100%|HC|  |TAMS 0x00000000e2900000, 0x00000000e2900000| Complete 
|  42|0x00000000e2a00000, 0x00000000e2b00000, 0x00000000e2b00000|100%|HS|  |TAMS 0x00000000e2a00000, 0x00000000e2a00000| Complete 
|  43|0x00000000e2b00000, 0x00000000e2c00000, 0x00000000e2c00000|100%|HC|  |TAMS 0x00000000e2b00000, 0x00000000e2b00000| Complete 
|  44|0x00000000e2c00000, 0x00000000e2d00000, 0x00000000e2d00000|100%|HC|  |TAMS 0x00000000e2c00000, 0x00000000e2c00000| Complete 
|  45|0x00000000e2d00000, 0x00000000e2d00000, 0x00000000e2e00000|  0%| F|  |TAMS 0x00000000e2d00000, 0x00000000e2d00000| Untracked 
|  46|0x00000000e2e00000, 0x00000000e2e00000, 0x00000000e2f00000|  0%| F|  |TAMS 0x00000000e2e00000, 0x00000000e2e00000| Untracked 
|  47|0x00000000e2f00000, 0x00000000e2f00000, 0x00000000e3000000|  0%| F|  |TAMS 0x00000000e2f00000, 0x00000000e2f00000| Untracked 
|  48|0x00000000e3000000, 0x00000000e3000000, 0x00000000e3100000|  0%| F|  |TAMS 0x00000000e3000000, 0x00000000e3000000| Untracked 
|  49|0x00000000e3100000, 0x00000000e3100000, 0x00000000e3200000|  0%| F|  |TAMS 0x00000000e3100000, 0x00000000e3100000| Untracked 
|  50|0x00000000e3200000, 0x00000000e3200000, 0x00000000e3300000|  0%| F|  |TAMS 0x00000000e3200000, 0x00000000e3200000| Untracked 
|  51|0x00000000e3300000, 0x00000000e3300000, 0x00000000e3400000|  0%| F|  |TAMS 0x00000000e3300000, 0x00000000e3300000| Untracked 
|  52|0x00000000e3400000, 0x00000000e3400000, 0x00000000e3500000|  0%| F|  |TAMS 0x00000000e3400000, 0x00000000e3400000| Untracked 
|  53|0x00000000e3500000, 0x00000000e3500000, 0x00000000e3600000|  0%| F|  |TAMS 0x00000000e3500000, 0x00000000e3500000| Untracked 
|  54|0x00000000e3600000, 0x00000000e3600000, 0x00000000e3700000|  0%| F|  |TAMS 0x00000000e3600000, 0x00000000e3600000| Untracked 
|  55|0x00000000e3700000, 0x00000000e3700000, 0x00000000e3800000|  0%| F|  |TAMS 0x00000000e3700000, 0x00000000e3700000| Untracked 
|  56|0x00000000e3800000, 0x00000000e3800000, 0x00000000e3900000|  0%| F|  |TAMS 0x00000000e3800000, 0x00000000e3800000| Untracked 
|  57|0x00000000e3900000, 0x00000000e3900000, 0x00000000e3a00000|  0%| F|  |TAMS 0x00000000e3900000, 0x00000000e3900000| Untracked 
|  58|0x00000000e3a00000, 0x00000000e3a00000, 0x00000000e3b00000|  0%| F|  |TAMS 0x00000000e3a00000, 0x00000000e3a00000| Untracked 
|  59|0x00000000e3b00000, 0x00000000e3b00000, 0x00000000e3c00000|  0%| F|  |TAMS 0x00000000e3b00000, 0x00000000e3b00000| Untracked 
|  60|0x00000000e3c00000, 0x00000000e3c00000, 0x00000000e3d00000|  0%| F|  |TAMS 0x00000000e3c00000, 0x00000000e3c00000| Untracked 
|  61|0x00000000e3d00000, 0x00000000e3d00000, 0x00000000e3e00000|  0%| F|  |TAMS 0x00000000e3d00000, 0x00000000e3d00000| Untracked 
|  62|0x00000000e3e00000, 0x00000000e3e00000, 0x00000000e3f00000|  0%| F|  |TAMS 0x00000000e3e00000, 0x00000000e3e00000| Untracked 
|  63|0x00000000e3f00000, 0x00000000e3f00000, 0x00000000e4000000|  0%| F|  |TAMS 0x00000000e3f00000, 0x00000000e3f00000| Untracked 
|  64|0x00000000e4000000, 0x00000000e4000000, 0x00000000e4100000|  0%| F|  |TAMS 0x00000000e4000000, 0x00000000e4000000| Untracked 
|  65|0x00000000e4100000, 0x00000000e4100000, 0x00000000e4200000|  0%| F|  |TAMS 0x00000000e4100000, 0x00000000e4100000| Untracked 
|  66|0x00000000e4200000, 0x00000000e4200000, 0x00000000e4300000|  0%| F|  |TAMS 0x00000000e4200000, 0x00000000e4200000| Untracked 
|  67|0x00000000e4300000, 0x00000000e4300000, 0x00000000e4400000|  0%| F|  |TAMS 0x00000000e4300000, 0x00000000e4300000| Untracked 
|  68|0x00000000e4400000, 0x00000000e4400000, 0x00000000e4500000|  0%| F|  |TAMS 0x00000000e4400000, 0x00000000e4400000| Untracked 
|  69|0x00000000e4500000, 0x00000000e4500000, 0x00000000e4600000|  0%| F|  |TAMS 0x00000000e4500000, 0x00000000e4500000| Untracked 
|  70|0x00000000e4600000, 0x00000000e4600000, 0x00000000e4700000|  0%| F|  |TAMS 0x00000000e4600000, 0x00000000e4600000| Untracked 
|  71|0x00000000e4700000, 0x00000000e4700000, 0x00000000e4800000|  0%| F|  |TAMS 0x00000000e4700000, 0x00000000e4700000| Untracked 
|  72|0x00000000e4800000, 0x00000000e4800000, 0x00000000e4900000|  0%| F|  |TAMS 0x00000000e4800000, 0x00000000e4800000| Untracked 
|  73|0x00000000e4900000, 0x00000000e4900000, 0x00000000e4a00000|  0%| F|  |TAMS 0x00000000e4900000, 0x00000000e4900000| Untracked 
|  74|0x00000000e4a00000, 0x00000000e4a00000, 0x00000000e4b00000|  0%| F|  |TAMS 0x00000000e4a00000, 0x00000000e4a00000| Untracked 
|  75|0x00000000e4b00000, 0x00000000e4b00000, 0x00000000e4c00000|  0%| F|  |TAMS 0x00000000e4b00000, 0x00000000e4b00000| Untracked 
|  76|0x00000000e4c00000, 0x00000000e4c00000, 0x00000000e4d00000|  0%| F|  |TAMS 0x00000000e4c00000, 0x00000000e4c00000| Untracked 
|  77|0x00000000e4d00000, 0x00000000e4d00000, 0x00000000e4e00000|  0%| F|  |TAMS 0x00000000e4d00000, 0x00000000e4d00000| Untracked 
|  78|0x00000000e4e00000, 0x00000000e4e00000, 0x00000000e4f00000|  0%| F|  |TAMS 0x00000000e4e00000, 0x00000000e4e00000| Untracked 
|  79|0x00000000e4f00000, 0x00000000e4f00000, 0x00000000e5000000|  0%| F|  |TAMS 0x00000000e4f00000, 0x00000000e4f00000| Untracked 
|  80|0x00000000e5000000, 0x00000000e5000000, 0x00000000e5100000|  0%| F|  |TAMS 0x00000000e5000000, 0x00000000e5000000| Untracked 
|  81|0x00000000e5100000, 0x00000000e5100000, 0x00000000e5200000|  0%| F|  |TAMS 0x00000000e5100000, 0x00000000e5100000| Untracked 
|  82|0x00000000e5200000, 0x00000000e5200000, 0x00000000e5300000|  0%| F|  |TAMS 0x00000000e5200000, 0x00000000e5200000| Untracked 
|  83|0x00000000e5300000, 0x00000000e5300000, 0x00000000e5400000|  0%| F|  |TAMS 0x00000000e5300000, 0x00000000e5300000| Untracked 
|  84|0x00000000e5400000, 0x00000000e5400000, 0x00000000e5500000|  0%| F|  |TAMS 0x00000000e5400000, 0x00000000e5400000| Untracked 
|  85|0x00000000e5500000, 0x00000000e5500000, 0x00000000e5600000|  0%| F|  |TAMS 0x00000000e5500000, 0x00000000e5500000| Untracked 
|  86|0x00000000e5600000, 0x00000000e5600000, 0x00000000e5700000|  0%| F|  |TAMS 0x00000000e5600000, 0x00000000e5600000| Untracked 
|  87|0x00000000e5700000, 0x00000000e5700000, 0x00000000e5800000|  0%| F|  |TAMS 0x00000000e5700000, 0x00000000e5700000| Untracked 
|  88|0x00000000e5800000, 0x00000000e5800000, 0x00000000e5900000|  0%| F|  |TAMS 0x00000000e5800000, 0x00000000e5800000| Untracked 
|  89|0x00000000e5900000, 0x00000000e5900000, 0x00000000e5a00000|  0%| F|  |TAMS 0x00000000e5900000, 0x00000000e5900000| Untracked 
|  90|0x00000000e5a00000, 0x00000000e5a00000, 0x00000000e5b00000|  0%| F|  |TAMS 0x00000000e5a00000, 0x00000000e5a00000| Untracked 
|  91|0x00000000e5b00000, 0x00000000e5b00000, 0x00000000e5c00000|  0%| F|  |TAMS 0x00000000e5b00000, 0x00000000e5b00000| Untracked 
|  92|0x00000000e5c00000, 0x00000000e5c00000, 0x00000000e5d00000|  0%| F|  |TAMS 0x00000000e5c00000, 0x00000000e5c00000| Untracked 
|  93|0x00000000e5d00000, 0x00000000e5d00000, 0x00000000e5e00000|  0%| F|  |TAMS 0x00000000e5d00000, 0x00000000e5d00000| Untracked 
|  94|0x00000000e5e00000, 0x00000000e5e00000, 0x00000000e5f00000|  0%| F|  |TAMS 0x00000000e5e00000, 0x00000000e5e00000| Untracked 
|  95|0x00000000e5f00000, 0x00000000e5f00000, 0x00000000e6000000|  0%| F|  |TAMS 0x00000000e5f00000, 0x00000000e5f00000| Untracked 
|  96|0x00000000e6000000, 0x00000000e6000000, 0x00000000e6100000|  0%| F|  |TAMS 0x00000000e6000000, 0x00000000e6000000| Untracked 
|  97|0x00000000e6100000, 0x00000000e6100000, 0x00000000e6200000|  0%| F|  |TAMS 0x00000000e6100000, 0x00000000e6100000| Untracked 
|  98|0x00000000e6200000, 0x00000000e6200000, 0x00000000e6300000|  0%| F|  |TAMS 0x00000000e6200000, 0x00000000e6200000| Untracked 
|  99|0x00000000e6300000, 0x00000000e6300000, 0x00000000e6400000|  0%| F|  |TAMS 0x00000000e6300000, 0x00000000e6300000| Untracked 
| 100|0x00000000e6400000, 0x00000000e6400000, 0x00000000e6500000|  0%| F|  |TAMS 0x00000000e6400000, 0x00000000e6400000| Untracked 
| 101|0x00000000e6500000, 0x00000000e6500000, 0x00000000e6600000|  0%| F|  |TAMS 0x00000000e6500000, 0x00000000e6500000| Untracked 
| 102|0x00000000e6600000, 0x00000000e6600000, 0x00000000e6700000|  0%| F|  |TAMS 0x00000000e6600000, 0x00000000e6600000| Untracked 
| 103|0x00000000e6700000, 0x00000000e6700000, 0x00000000e6800000|  0%| F|  |TAMS 0x00000000e6700000, 0x00000000e6700000| Untracked 
| 104|0x00000000e6800000, 0x00000000e6800000, 0x00000000e6900000|  0%| F|  |TAMS 0x00000000e6800000, 0x00000000e6800000| Untracked 
| 105|0x00000000e6900000, 0x00000000e6900000, 0x00000000e6a00000|  0%| F|  |TAMS 0x00000000e6900000, 0x00000000e6900000| Untracked 
| 106|0x00000000e6a00000, 0x00000000e6a00000, 0x00000000e6b00000|  0%| F|  |TAMS 0x00000000e6a00000, 0x00000000e6a00000| Untracked 
| 107|0x00000000e6b00000, 0x00000000e6b00000, 0x00000000e6c00000|  0%| F|  |TAMS 0x00000000e6b00000, 0x00000000e6b00000| Untracked 
| 108|0x00000000e6c00000, 0x00000000e6c00000, 0x00000000e6d00000|  0%| F|  |TAMS 0x00000000e6c00000, 0x00000000e6c00000| Untracked 
| 109|0x00000000e6d00000, 0x00000000e6d00000, 0x00000000e6e00000|  0%| F|  |TAMS 0x00000000e6d00000, 0x00000000e6d00000| Untracked 
| 110|0x00000000e6e00000, 0x00000000e6e00000, 0x00000000e6f00000|  0%| F|  |TAMS 0x00000000e6e00000, 0x00000000e6e00000| Untracked 
| 111|0x00000000e6f00000, 0x00000000e6f00000, 0x00000000e7000000|  0%| F|  |TAMS 0x00000000e6f00000, 0x00000000e6f00000| Untracked 
| 112|0x00000000e7000000, 0x00000000e7000000, 0x00000000e7100000|  0%| F|  |TAMS 0x00000000e7000000, 0x00000000e7000000| Untracked 
| 113|0x00000000e7100000, 0x00000000e7100000, 0x00000000e7200000|  0%| F|  |TAMS 0x00000000e7100000, 0x00000000e7100000| Untracked 
| 114|0x00000000e7200000, 0x00000000e7200000, 0x00000000e7300000|  0%| F|  |TAMS 0x00000000e7200000, 0x00000000e7200000| Untracked 
| 115|0x00000000e7300000, 0x00000000e7300000, 0x00000000e7400000|  0%| F|  |TAMS 0x00000000e7300000, 0x00000000e7300000| Untracked 
| 116|0x00000000e7400000, 0x00000000e7400000, 0x00000000e7500000|  0%| F|  |TAMS 0x00000000e7400000, 0x00000000e7400000| Untracked 
| 117|0x00000000e7500000, 0x00000000e7500000, 0x00000000e7600000|  0%| F|  |TAMS 0x00000000e7500000, 0x00000000e7500000| Untracked 
| 118|0x00000000e7600000, 0x00000000e7600000, 0x00000000e7700000|  0%| F|  |TAMS 0x00000000e7600000, 0x00000000e7600000| Untracked 
| 119|0x00000000e7700000, 0x00000000e7776058, 0x00000000e7800000| 46%| S|CS|TAMS 0x00000000e7700000, 0x00000000e7700000| Complete 
| 120|0x00000000e7800000, 0x00000000e7900000, 0x00000000e7900000|100%| S|CS|TAMS 0x00000000e7800000, 0x00000000e7800000| Complete 
| 121|0x00000000e7900000, 0x00000000e7a00000, 0x00000000e7a00000|100%| S|CS|TAMS 0x00000000e7900000, 0x00000000e7900000| Complete 
| 122|0x00000000e7a00000, 0x00000000e7b00000, 0x00000000e7b00000|100%| S|CS|TAMS 0x00000000e7a00000, 0x00000000e7a00000| Complete 
| 123|0x00000000e7b00000, 0x00000000e7c00000, 0x00000000e7c00000|100%| S|CS|TAMS 0x00000000e7b00000, 0x00000000e7b00000| Complete 
| 124|0x00000000e7c00000, 0x00000000e7d00000, 0x00000000e7d00000|100%| S|CS|TAMS 0x00000000e7c00000, 0x00000000e7c00000| Complete 
| 125|0x00000000e7d00000, 0x00000000e7e00000, 0x00000000e7e00000|100%| S|CS|TAMS 0x00000000e7d00000, 0x00000000e7d00000| Complete 
| 126|0x00000000e7e00000, 0x00000000e7e00000, 0x00000000e7f00000|  0%| F|  |TAMS 0x00000000e7e00000, 0x00000000e7e00000| Untracked 
| 127|0x00000000e7f00000, 0x00000000e7f00000, 0x00000000e8000000|  0%| F|  |TAMS 0x00000000e7f00000, 0x00000000e7f00000| Untracked 
| 128|0x00000000e8000000, 0x00000000e8000000, 0x00000000e8100000|  0%| F|  |TAMS 0x00000000e8000000, 0x00000000e8000000| Untracked 
| 129|0x00000000e8100000, 0x00000000e8100000, 0x00000000e8200000|  0%| F|  |TAMS 0x00000000e8100000, 0x00000000e8100000| Untracked 
| 130|0x00000000e8200000, 0x00000000e8200000, 0x00000000e8300000|  0%| F|  |TAMS 0x00000000e8200000, 0x00000000e8200000| Untracked 
| 131|0x00000000e8300000, 0x00000000e8300000, 0x00000000e8400000|  0%| F|  |TAMS 0x00000000e8300000, 0x00000000e8300000| Untracked 
| 132|0x00000000e8400000, 0x00000000e8400000, 0x00000000e8500000|  0%| F|  |TAMS 0x00000000e8400000, 0x00000000e8400000| Untracked 
| 133|0x00000000e8500000, 0x00000000e8500000, 0x00000000e8600000|  0%| F|  |TAMS 0x00000000e8500000, 0x00000000e8500000| Untracked 
| 134|0x00000000e8600000, 0x00000000e8600000, 0x00000000e8700000|  0%| F|  |TAMS 0x00000000e8600000, 0x00000000e8600000| Untracked 
| 135|0x00000000e8700000, 0x00000000e8700000, 0x00000000e8800000|  0%| F|  |TAMS 0x00000000e8700000, 0x00000000e8700000| Untracked 
| 136|0x00000000e8800000, 0x00000000e8800000, 0x00000000e8900000|  0%| F|  |TAMS 0x00000000e8800000, 0x00000000e8800000| Untracked 
| 137|0x00000000e8900000, 0x00000000e8900000, 0x00000000e8a00000|  0%| F|  |TAMS 0x00000000e8900000, 0x00000000e8900000| Untracked 
| 138|0x00000000e8a00000, 0x00000000e8b00000, 0x00000000e8b00000|100%| S|CS|TAMS 0x00000000e8a00000, 0x00000000e8a00000| Complete 
| 139|0x00000000e8b00000, 0x00000000e8c00000, 0x00000000e8c00000|100%| S|CS|TAMS 0x00000000e8b00000, 0x00000000e8b00000| Complete 
| 140|0x00000000e8c00000, 0x00000000e8d00000, 0x00000000e8d00000|100%| S|CS|TAMS 0x00000000e8c00000, 0x00000000e8c00000| Complete 
| 141|0x00000000e8d00000, 0x00000000e8e00000, 0x00000000e8e00000|100%| S|CS|TAMS 0x00000000e8d00000, 0x00000000e8d00000| Complete 
| 142|0x00000000e8e00000, 0x00000000e8e00000, 0x00000000e8f00000|  0%| F|  |TAMS 0x00000000e8e00000, 0x00000000e8e00000| Untracked 
| 143|0x00000000e8f00000, 0x00000000e8f00000, 0x00000000e9000000|  0%| F|  |TAMS 0x00000000e8f00000, 0x00000000e8f00000| Untracked 
| 144|0x00000000e9000000, 0x00000000e9000000, 0x00000000e9100000|  0%| F|  |TAMS 0x00000000e9000000, 0x00000000e9000000| Untracked 
| 145|0x00000000e9100000, 0x00000000e9100000, 0x00000000e9200000|  0%| F|  |TAMS 0x00000000e9100000, 0x00000000e9100000| Untracked 
| 146|0x00000000e9200000, 0x00000000e9200000, 0x00000000e9300000|  0%| F|  |TAMS 0x00000000e9200000, 0x00000000e9200000| Untracked 
| 147|0x00000000e9300000, 0x00000000e9300000, 0x00000000e9400000|  0%| F|  |TAMS 0x00000000e9300000, 0x00000000e9300000| Untracked 
| 148|0x00000000e9400000, 0x00000000e9400000, 0x00000000e9500000|  0%| F|  |TAMS 0x00000000e9400000, 0x00000000e9400000| Untracked 
| 149|0x00000000e9500000, 0x00000000e9500000, 0x00000000e9600000|  0%| F|  |TAMS 0x00000000e9500000, 0x00000000e9500000| Untracked 
| 150|0x00000000e9600000, 0x00000000e9600000, 0x00000000e9700000|  0%| F|  |TAMS 0x00000000e9600000, 0x00000000e9600000| Untracked 
| 151|0x00000000e9700000, 0x00000000e9700000, 0x00000000e9800000|  0%| F|  |TAMS 0x00000000e9700000, 0x00000000e9700000| Untracked 
| 152|0x00000000e9800000, 0x00000000e9800000, 0x00000000e9900000|  0%| F|  |TAMS 0x00000000e9800000, 0x00000000e9800000| Untracked 
| 153|0x00000000e9900000, 0x00000000e9900000, 0x00000000e9a00000|  0%| F|  |TAMS 0x00000000e9900000, 0x00000000e9900000| Untracked 
| 154|0x00000000e9a00000, 0x00000000e9a00000, 0x00000000e9b00000|  0%| F|  |TAMS 0x00000000e9a00000, 0x00000000e9a00000| Untracked 
| 155|0x00000000e9b00000, 0x00000000e9b00000, 0x00000000e9c00000|  0%| F|  |TAMS 0x00000000e9b00000, 0x00000000e9b00000| Untracked 
| 156|0x00000000e9c00000, 0x00000000e9c00000, 0x00000000e9d00000|  0%| F|  |TAMS 0x00000000e9c00000, 0x00000000e9c00000| Untracked 
| 157|0x00000000e9d00000, 0x00000000e9d00000, 0x00000000e9e00000|  0%| F|  |TAMS 0x00000000e9d00000, 0x00000000e9d00000| Untracked 
| 158|0x00000000e9e00000, 0x00000000e9e00000, 0x00000000e9f00000|  0%| F|  |TAMS 0x00000000e9e00000, 0x00000000e9e00000| Untracked 
| 159|0x00000000e9f00000, 0x00000000e9f00000, 0x00000000ea000000|  0%| F|  |TAMS 0x00000000e9f00000, 0x00000000e9f00000| Untracked 
| 160|0x00000000ea000000, 0x00000000ea000000, 0x00000000ea100000|  0%| F|  |TAMS 0x00000000ea000000, 0x00000000ea000000| Untracked 
| 161|0x00000000ea100000, 0x00000000ea100000, 0x00000000ea200000|  0%| F|  |TAMS 0x00000000ea100000, 0x00000000ea100000| Untracked 
| 162|0x00000000ea200000, 0x00000000ea300000, 0x00000000ea300000|100%| E|  |TAMS 0x00000000ea200000, 0x00000000ea200000| Complete 
| 163|0x00000000ea300000, 0x00000000ea400000, 0x00000000ea400000|100%| E|CS|TAMS 0x00000000ea300000, 0x00000000ea300000| Complete 
| 164|0x00000000ea400000, 0x00000000ea500000, 0x00000000ea500000|100%| E|CS|TAMS 0x00000000ea400000, 0x00000000ea400000| Complete 
| 165|0x00000000ea500000, 0x00000000ea600000, 0x00000000ea600000|100%| E|CS|TAMS 0x00000000ea500000, 0x00000000ea500000| Complete 
| 166|0x00000000ea600000, 0x00000000ea700000, 0x00000000ea700000|100%| E|CS|TAMS 0x00000000ea600000, 0x00000000ea600000| Complete 
| 167|0x00000000ea700000, 0x00000000ea800000, 0x00000000ea800000|100%| E|CS|TAMS 0x00000000ea700000, 0x00000000ea700000| Complete 
| 168|0x00000000ea800000, 0x00000000ea900000, 0x00000000ea900000|100%| E|CS|TAMS 0x00000000ea800000, 0x00000000ea800000| Complete 
| 169|0x00000000ea900000, 0x00000000eaa00000, 0x00000000eaa00000|100%| E|CS|TAMS 0x00000000ea900000, 0x00000000ea900000| Complete 
| 170|0x00000000eaa00000, 0x00000000eab00000, 0x00000000eab00000|100%| E|CS|TAMS 0x00000000eaa00000, 0x00000000eaa00000| Complete 
| 171|0x00000000eab00000, 0x00000000eac00000, 0x00000000eac00000|100%| E|CS|TAMS 0x00000000eab00000, 0x00000000eab00000| Complete 
| 172|0x00000000eac00000, 0x00000000ead00000, 0x00000000ead00000|100%| E|CS|TAMS 0x00000000eac00000, 0x00000000eac00000| Complete 
| 173|0x00000000ead00000, 0x00000000eae00000, 0x00000000eae00000|100%| E|CS|TAMS 0x00000000ead00000, 0x00000000ead00000| Complete 
| 174|0x00000000eae00000, 0x00000000eaf00000, 0x00000000eaf00000|100%| E|CS|TAMS 0x00000000eae00000, 0x00000000eae00000| Complete 
| 175|0x00000000eaf00000, 0x00000000eb000000, 0x00000000eb000000|100%| E|CS|TAMS 0x00000000eaf00000, 0x00000000eaf00000| Complete 
| 176|0x00000000eb000000, 0x00000000eb100000, 0x00000000eb100000|100%| E|CS|TAMS 0x00000000eb000000, 0x00000000eb000000| Complete 
| 177|0x00000000eb100000, 0x00000000eb200000, 0x00000000eb200000|100%| E|CS|TAMS 0x00000000eb100000, 0x00000000eb100000| Complete 
| 178|0x00000000eb200000, 0x00000000eb300000, 0x00000000eb300000|100%| E|CS|TAMS 0x00000000eb200000, 0x00000000eb200000| Complete 
| 179|0x00000000eb300000, 0x00000000eb400000, 0x00000000eb400000|100%| E|CS|TAMS 0x00000000eb300000, 0x00000000eb300000| Complete 
| 180|0x00000000eb400000, 0x00000000eb500000, 0x00000000eb500000|100%| E|CS|TAMS 0x00000000eb400000, 0x00000000eb400000| Complete 
| 181|0x00000000eb500000, 0x00000000eb600000, 0x00000000eb600000|100%| E|CS|TAMS 0x00000000eb500000, 0x00000000eb500000| Complete 
| 182|0x00000000eb600000, 0x00000000eb700000, 0x00000000eb700000|100%| E|CS|TAMS 0x00000000eb600000, 0x00000000eb600000| Complete 
| 183|0x00000000eb700000, 0x00000000eb800000, 0x00000000eb800000|100%| E|CS|TAMS 0x00000000eb700000, 0x00000000eb700000| Complete 
| 184|0x00000000eb800000, 0x00000000eb900000, 0x00000000eb900000|100%| E|CS|TAMS 0x00000000eb800000, 0x00000000eb800000| Complete 
| 185|0x00000000eb900000, 0x00000000eba00000, 0x00000000eba00000|100%| E|CS|TAMS 0x00000000eb900000, 0x00000000eb900000| Complete 
| 186|0x00000000eba00000, 0x00000000ebb00000, 0x00000000ebb00000|100%| E|CS|TAMS 0x00000000eba00000, 0x00000000eba00000| Complete 
| 187|0x00000000ebb00000, 0x00000000ebc00000, 0x00000000ebc00000|100%| E|CS|TAMS 0x00000000ebb00000, 0x00000000ebb00000| Complete 
| 188|0x00000000ebc00000, 0x00000000ebd00000, 0x00000000ebd00000|100%| E|CS|TAMS 0x00000000ebc00000, 0x00000000ebc00000| Complete 
| 189|0x00000000ebd00000, 0x00000000ebe00000, 0x00000000ebe00000|100%| E|CS|TAMS 0x00000000ebd00000, 0x00000000ebd00000| Complete 
| 190|0x00000000ebe00000, 0x00000000ebf00000, 0x00000000ebf00000|100%| E|CS|TAMS 0x00000000ebe00000, 0x00000000ebe00000| Complete 
| 191|0x00000000ebf00000, 0x00000000ec000000, 0x00000000ec000000|100%| E|CS|TAMS 0x00000000ebf00000, 0x00000000ebf00000| Complete 
| 192|0x00000000ec000000, 0x00000000ec100000, 0x00000000ec100000|100%| E|CS|TAMS 0x00000000ec000000, 0x00000000ec000000| Complete 
| 193|0x00000000ec100000, 0x00000000ec200000, 0x00000000ec200000|100%| E|CS|TAMS 0x00000000ec100000, 0x00000000ec100000| Complete 
| 194|0x00000000ec200000, 0x00000000ec300000, 0x00000000ec300000|100%| E|CS|TAMS 0x00000000ec200000, 0x00000000ec200000| Complete 
| 195|0x00000000ec300000, 0x00000000ec400000, 0x00000000ec400000|100%| E|CS|TAMS 0x00000000ec300000, 0x00000000ec300000| Complete 
| 196|0x00000000ec400000, 0x00000000ec500000, 0x00000000ec500000|100%| E|CS|TAMS 0x00000000ec400000, 0x00000000ec400000| Complete 
| 197|0x00000000ec500000, 0x00000000ec600000, 0x00000000ec600000|100%| E|CS|TAMS 0x00000000ec500000, 0x00000000ec500000| Complete 
| 198|0x00000000ec600000, 0x00000000ec700000, 0x00000000ec700000|100%| E|CS|TAMS 0x00000000ec600000, 0x00000000ec600000| Complete 
| 199|0x00000000ec700000, 0x00000000ec800000, 0x00000000ec800000|100%| E|  |TAMS 0x00000000ec700000, 0x00000000ec700000| Complete 
| 200|0x00000000ec800000, 0x00000000ec900000, 0x00000000ec900000|100%| E|CS|TAMS 0x00000000ec800000, 0x00000000ec800000| Complete 
| 201|0x00000000ec900000, 0x00000000eca00000, 0x00000000eca00000|100%| E|CS|TAMS 0x00000000ec900000, 0x00000000ec900000| Complete 
| 202|0x00000000eca00000, 0x00000000ecb00000, 0x00000000ecb00000|100%| E|CS|TAMS 0x00000000eca00000, 0x00000000eca00000| Complete 
| 203|0x00000000ecb00000, 0x00000000ecc00000, 0x00000000ecc00000|100%| E|CS|TAMS 0x00000000ecb00000, 0x00000000ecb00000| Complete 
| 204|0x00000000ecc00000, 0x00000000ecd00000, 0x00000000ecd00000|100%| E|CS|TAMS 0x00000000ecc00000, 0x00000000ecc00000| Complete 
| 205|0x00000000ecd00000, 0x00000000ece00000, 0x00000000ece00000|100%| E|CS|TAMS 0x00000000ecd00000, 0x00000000ecd00000| Complete 
| 206|0x00000000ece00000, 0x00000000ecf00000, 0x00000000ecf00000|100%| E|CS|TAMS 0x00000000ece00000, 0x00000000ece00000| Complete 
| 207|0x00000000ecf00000, 0x00000000ed000000, 0x00000000ed000000|100%| E|CS|TAMS 0x00000000ecf00000, 0x00000000ecf00000| Complete 
| 208|0x00000000ed000000, 0x00000000ed100000, 0x00000000ed100000|100%| E|CS|TAMS 0x00000000ed000000, 0x00000000ed000000| Complete 
| 209|0x00000000ed100000, 0x00000000ed200000, 0x00000000ed200000|100%| E|CS|TAMS 0x00000000ed100000, 0x00000000ed100000| Complete 
| 210|0x00000000ed200000, 0x00000000ed300000, 0x00000000ed300000|100%| E|CS|TAMS 0x00000000ed200000, 0x00000000ed200000| Complete 
| 211|0x00000000ed300000, 0x00000000ed400000, 0x00000000ed400000|100%| E|CS|TAMS 0x00000000ed300000, 0x00000000ed300000| Complete 
| 212|0x00000000ed400000, 0x00000000ed500000, 0x00000000ed500000|100%| E|CS|TAMS 0x00000000ed400000, 0x00000000ed400000| Complete 
| 213|0x00000000ed500000, 0x00000000ed600000, 0x00000000ed600000|100%| E|CS|TAMS 0x00000000ed500000, 0x00000000ed500000| Complete 
| 214|0x00000000ed600000, 0x00000000ed700000, 0x00000000ed700000|100%| E|CS|TAMS 0x00000000ed600000, 0x00000000ed600000| Complete 
| 215|0x00000000ed700000, 0x00000000ed800000, 0x00000000ed800000|100%| E|CS|TAMS 0x00000000ed700000, 0x00000000ed700000| Complete 
| 216|0x00000000ed800000, 0x00000000ed900000, 0x00000000ed900000|100%| E|CS|TAMS 0x00000000ed800000, 0x00000000ed800000| Complete 
| 217|0x00000000ed900000, 0x00000000eda00000, 0x00000000eda00000|100%| E|CS|TAMS 0x00000000ed900000, 0x00000000ed900000| Complete 
| 218|0x00000000eda00000, 0x00000000edb00000, 0x00000000edb00000|100%| E|CS|TAMS 0x00000000eda00000, 0x00000000eda00000| Complete 
| 219|0x00000000edb00000, 0x00000000edc00000, 0x00000000edc00000|100%| E|CS|TAMS 0x00000000edb00000, 0x00000000edb00000| Complete 
| 220|0x00000000edc00000, 0x00000000edd00000, 0x00000000edd00000|100%| E|CS|TAMS 0x00000000edc00000, 0x00000000edc00000| Complete 
| 221|0x00000000edd00000, 0x00000000ede00000, 0x00000000ede00000|100%| E|CS|TAMS 0x00000000edd00000, 0x00000000edd00000| Complete 
| 222|0x00000000ede00000, 0x00000000edf00000, 0x00000000edf00000|100%| E|CS|TAMS 0x00000000ede00000, 0x00000000ede00000| Complete 
| 223|0x00000000edf00000, 0x00000000ee000000, 0x00000000ee000000|100%| E|CS|TAMS 0x00000000edf00000, 0x00000000edf00000| Complete 
| 224|0x00000000ee000000, 0x00000000ee100000, 0x00000000ee100000|100%| E|CS|TAMS 0x00000000ee000000, 0x00000000ee000000| Complete 
| 225|0x00000000ee100000, 0x00000000ee200000, 0x00000000ee200000|100%| E|CS|TAMS 0x00000000ee100000, 0x00000000ee100000| Complete 
| 226|0x00000000ee200000, 0x00000000ee300000, 0x00000000ee300000|100%| E|CS|TAMS 0x00000000ee200000, 0x00000000ee200000| Complete 
| 227|0x00000000ee300000, 0x00000000ee400000, 0x00000000ee400000|100%| E|CS|TAMS 0x00000000ee300000, 0x00000000ee300000| Complete 
| 228|0x00000000ee400000, 0x00000000ee500000, 0x00000000ee500000|100%| E|CS|TAMS 0x00000000ee400000, 0x00000000ee400000| Complete 
| 229|0x00000000ee500000, 0x00000000ee600000, 0x00000000ee600000|100%| E|CS|TAMS 0x00000000ee500000, 0x00000000ee500000| Complete 
| 230|0x00000000ee600000, 0x00000000ee700000, 0x00000000ee700000|100%| E|CS|TAMS 0x00000000ee600000, 0x00000000ee600000| Complete 
| 231|0x00000000ee700000, 0x00000000ee800000, 0x00000000ee800000|100%| E|CS|TAMS 0x00000000ee700000, 0x00000000ee700000| Complete 
| 232|0x00000000ee800000, 0x00000000ee900000, 0x00000000ee900000|100%| E|CS|TAMS 0x00000000ee800000, 0x00000000ee800000| Complete 
| 233|0x00000000ee900000, 0x00000000eea00000, 0x00000000eea00000|100%| E|CS|TAMS 0x00000000ee900000, 0x00000000ee900000| Complete 
| 234|0x00000000eea00000, 0x00000000eeb00000, 0x00000000eeb00000|100%| E|CS|TAMS 0x00000000eea00000, 0x00000000eea00000| Complete 
| 235|0x00000000eeb00000, 0x00000000eec00000, 0x00000000eec00000|100%| E|CS|TAMS 0x00000000eeb00000, 0x00000000eeb00000| Complete 
| 236|0x00000000eec00000, 0x00000000eed00000, 0x00000000eed00000|100%| E|CS|TAMS 0x00000000eec00000, 0x00000000eec00000| Complete 
| 237|0x00000000eed00000, 0x00000000eee00000, 0x00000000eee00000|100%| E|CS|TAMS 0x00000000eed00000, 0x00000000eed00000| Complete 
| 238|0x00000000eee00000, 0x00000000eef00000, 0x00000000eef00000|100%| E|CS|TAMS 0x00000000eee00000, 0x00000000eee00000| Complete 
| 239|0x00000000eef00000, 0x00000000ef000000, 0x00000000ef000000|100%| E|CS|TAMS 0x00000000eef00000, 0x00000000eef00000| Complete 
| 240|0x00000000ef000000, 0x00000000ef100000, 0x00000000ef100000|100%| E|CS|TAMS 0x00000000ef000000, 0x00000000ef000000| Complete 
| 241|0x00000000ef100000, 0x00000000ef200000, 0x00000000ef200000|100%| E|CS|TAMS 0x00000000ef100000, 0x00000000ef100000| Complete 
| 242|0x00000000ef200000, 0x00000000ef300000, 0x00000000ef300000|100%| E|CS|TAMS 0x00000000ef200000, 0x00000000ef200000| Complete 
| 243|0x00000000ef300000, 0x00000000ef400000, 0x00000000ef400000|100%| E|CS|TAMS 0x00000000ef300000, 0x00000000ef300000| Complete 
| 244|0x00000000ef400000, 0x00000000ef500000, 0x00000000ef500000|100%| E|CS|TAMS 0x00000000ef400000, 0x00000000ef400000| Complete 
| 245|0x00000000ef500000, 0x00000000ef600000, 0x00000000ef600000|100%| E|CS|TAMS 0x00000000ef500000, 0x00000000ef500000| Complete 
| 246|0x00000000ef600000, 0x00000000ef700000, 0x00000000ef700000|100%| E|CS|TAMS 0x00000000ef600000, 0x00000000ef600000| Complete 
| 247|0x00000000ef700000, 0x00000000ef800000, 0x00000000ef800000|100%| E|CS|TAMS 0x00000000ef700000, 0x00000000ef700000| Complete 
| 248|0x00000000ef800000, 0x00000000ef900000, 0x00000000ef900000|100%| E|CS|TAMS 0x00000000ef800000, 0x00000000ef800000| Complete 
| 249|0x00000000ef900000, 0x00000000efa00000, 0x00000000efa00000|100%| E|CS|TAMS 0x00000000ef900000, 0x00000000ef900000| Complete 
| 250|0x00000000efa00000, 0x00000000efb00000, 0x00000000efb00000|100%| E|CS|TAMS 0x00000000efa00000, 0x00000000efa00000| Complete 
| 251|0x00000000efb00000, 0x00000000efc00000, 0x00000000efc00000|100%| E|CS|TAMS 0x00000000efb00000, 0x00000000efb00000| Complete 
| 252|0x00000000efc00000, 0x00000000efd00000, 0x00000000efd00000|100%| E|CS|TAMS 0x00000000efc00000, 0x00000000efc00000| Complete 
| 253|0x00000000efd00000, 0x00000000efe00000, 0x00000000efe00000|100%| E|CS|TAMS 0x00000000efd00000, 0x00000000efd00000| Complete 
| 254|0x00000000efe00000, 0x00000000eff00000, 0x00000000eff00000|100%| E|CS|TAMS 0x00000000efe00000, 0x00000000efe00000| Complete 
| 255|0x00000000eff00000, 0x00000000f0000000, 0x00000000f0000000|100%| E|CS|TAMS 0x00000000eff00000, 0x00000000eff00000| Complete 

Card table byte_map: [0x0000023e3d6b0000,0x0000023e3d7b0000] _byte_map_base: 0x0000023e3cfb0000

Marking Bits (Prev, Next): (CMBitMap*) 0x0000023e2603f720, (CMBitMap*) 0x0000023e2603f760
 Prev Bits: [0x0000023e3d8b0000, 0x0000023e3e0b0000)
 Next Bits: [0x0000023e3e0b0000, 0x0000023e3e8b0000)

Polling page: 0x0000023e23fe0000

Metaspace:

Usage:
  Non-class:     36.73 MB used.
      Class:      5.93 MB used.
       Both:     42.65 MB used.

Virtual space:
  Non-class space:       64.00 MB reserved,      37.00 MB ( 58%) committed,  1 nodes.
      Class space:      320.00 MB reserved,       6.19 MB (  2%) committed,  1 nodes.
             Both:      384.00 MB reserved,      43.19 MB ( 11%) committed. 

Chunk freelists:
   Non-Class:  10.75 MB
       Class:  9.86 MB
        Both:  20.61 MB

MaxMetaspaceSize: 384.00 MB
CompressedClassSpaceSize: 320.00 MB
Initial GC threshold: 21.00 MB
Current GC threshold: 58.69 MB
CDS: on
MetaspaceReclaimPolicy: balanced
 - commit_granule_bytes: 65536.
 - commit_granule_words: 8192.
 - virtual_space_node_default_size: 8388608.
 - enlarge_chunks_in_place: 1.
 - new_chunks_are_fully_committed: 0.
 - uncommit_free_chunks: 1.
 - use_allocation_guard: 0.
 - handle_deallocations: 1.


Internal statistics:

num_allocs_failed_limit: 6.
num_arena_births: 490.
num_arena_deaths: 0.
num_vsnodes_births: 2.
num_vsnodes_deaths: 0.
num_space_committed: 691.
num_space_uncommitted: 0.
num_chunks_returned_to_freelist: 6.
num_chunks_taken_from_freelist: 2210.
num_chunk_merges: 6.
num_chunk_splits: 1435.
num_chunks_enlarged: 965.
num_inconsistent_stats: 0.

CodeHeap 'non-profiled nmethods': size=119168Kb used=2276Kb max_used=2966Kb free=116891Kb
 bounds [0x0000023e356b0000, 0x0000023e359a0000, 0x0000023e3cb10000]
CodeHeap 'profiled nmethods': size=119104Kb used=9392Kb max_used=10467Kb free=109711Kb
 bounds [0x0000023e2db10000, 0x0000023e2e550000, 0x0000023e34f60000]
CodeHeap 'non-nmethods': size=7488Kb used=4007Kb max_used=4050Kb free=3480Kb
 bounds [0x0000023e34f60000, 0x0000023e35360000, 0x0000023e356b0000]
 total_blobs=5367 nmethods=4535 adapters=740
 compilation: enabled
              stopped_count=0, restarted_count=0
 full_count=0

Compilation events (20 events):
Event: 11.803 Thread 0x0000023e41cf4d20 5274   !   3       org.gradle.internal.instantiation.generator.AsmBackedClassGenerator$InvokeConstructorStrategy::newInstance (66 bytes)
Event: 11.803 Thread 0x0000023e41bbf9e0 nmethod 5273 0x0000023e2df54790 code [0x0000023e2df54940, 0x0000023e2df54b08]
Event: 11.803 Thread 0x0000023e41cf9250 nmethod 5265 0x0000023e2db1d790 code [0x0000023e2db1db60, 0x0000023e2db1f4d8]
Event: 11.803 Thread 0x0000023e41cf4d20 nmethod 5274 0x0000023e2de5de10 code [0x0000023e2de5e060, 0x0000023e2de5ebb8]
Event: 11.803 Thread 0x0000023e5cd64650 nmethod 5272 0x0000023e2dff2090 code [0x0000023e2dff2420, 0x0000023e2dff3f28]
Event: 11.804 Thread 0x0000023e5bae8610 nmethod 5242 0x0000023e3573ef10 code [0x0000023e3573f200, 0x0000023e357408c0]
Event: 11.805 Thread 0x0000023e5bda4f70 nmethod 5262 0x0000023e3582b810 code [0x0000023e3582ba00, 0x0000023e3582bf48]
Event: 11.807 Thread 0x0000023e41cf4d20 5275   !   3       org.gradle.internal.deprecation.DeprecationLogger::whileDisabled (22 bytes)
Event: 11.807 Thread 0x0000023e41bbf9e0 5276       3       org.gradle.internal.instantiation.generator.AsmBackedClassGenerator::getDisplayNameForNext (21 bytes)
Event: 11.807 Thread 0x0000023e41bbf9e0 nmethod 5276 0x0000023e2dd13510 code [0x0000023e2dd136c0, 0x0000023e2dd139c8]
Event: 11.807 Thread 0x0000023e41cf4d20 nmethod 5275 0x0000023e2e04bf10 code [0x0000023e2e04c180, 0x0000023e2e04ccb8]
Event: 11.807 Thread 0x0000023e41cf9250 5277       3       org.gradle.internal.instantiation.generator.AsmBackedClassGenerator::getServicesForNext (13 bytes)
Event: 11.807 Thread 0x0000023e41cf9250 nmethod 5277 0x0000023e2ddc5290 code [0x0000023e2ddc5440, 0x0000023e2ddc56e8]
Event: 11.809 Thread 0x0000023e41cf4d20 5278       3       java.net.URI::match (56 bytes)
Event: 11.809 Thread 0x0000023e41cf4d20 nmethod 5278 0x0000023e2de88610 code [0x0000023e2de887c0, 0x0000023e2de88ab8]
Event: 11.815 Thread 0x0000023e5bda4f70 5279   !   4       java.net.URLClassLoader::findClass (47 bytes)
Event: 11.815 Thread 0x0000023e5bae8610 5280       4       java.net.URLClassLoader$1::run (5 bytes)
Event: 11.816 Thread 0x0000023e41bb40a0 5281   !   4       java.net.URLClassLoader$1::run (81 bytes)
Event: 11.840 Thread 0x0000023e41cf4d20 5284       3       java.util.regex.Pattern::range (294 bytes)
Event: 11.841 Thread 0x0000023e41cf4d20 nmethod 5284 0x0000023e2dd4d690 code [0x0000023e2dd4dac0, 0x0000023e2dd4f318]

GC Heap History (8 events):
Event: 5.010 GC heap before
{Heap before GC invocations=0 (full 0):
 garbage-first heap   total 262144K, used 26624K [0x00000000e0000000, 0x0000000100000000)
  region size 1024K, 23 young (23552K), 0 survivors (0K)
 Metaspace       used 2879K, committed 3072K, reserved 393216K
  class space    used 350K, committed 448K, reserved 327680K
}
Event: 5.013 GC heap after
{Heap after GC invocations=1 (full 0):
 garbage-first heap   total 262144K, used 10700K [0x00000000e0000000, 0x0000000100000000)
  region size 1024K, 3 young (3072K), 3 survivors (3072K)
 Metaspace       used 2879K, committed 3072K, reserved 393216K
  class space    used 350K, committed 448K, reserved 327680K
}
Event: 6.631 GC heap before
{Heap before GC invocations=1 (full 0):
 garbage-first heap   total 262144K, used 38348K [0x00000000e0000000, 0x0000000100000000)
  region size 1024K, 30 young (30720K), 3 survivors (3072K)
 Metaspace       used 4057K, committed 4224K, reserved 393216K
  class space    used 491K, committed 576K, reserved 327680K
}
Event: 6.633 GC heap after
{Heap after GC invocations=2 (full 0):
 garbage-first heap   total 262144K, used 11708K [0x00000000e0000000, 0x0000000100000000)
  region size 1024K, 1 young (1024K), 1 survivors (1024K)
 Metaspace       used 4057K, committed 4224K, reserved 393216K
  class space    used 491K, committed 576K, reserved 327680K
}
Event: 9.658 GC heap before
{Heap before GC invocations=2 (full 0):
 garbage-first heap   total 262144K, used 131516K [0x00000000e0000000, 0x0000000100000000)
  region size 1024K, 118 young (120832K), 1 survivors (1024K)
 Metaspace       used 21177K, committed 21504K, reserved 393216K
  class space    used 3098K, committed 3264K, reserved 327680K
}
Event: 9.662 GC heap after
{Heap after GC invocations=3 (full 0):
 garbage-first heap   total 262144K, used 22878K [0x00000000e0000000, 0x0000000100000000)
  region size 1024K, 12 young (12288K), 12 survivors (12288K)
 Metaspace       used 21177K, committed 21504K, reserved 393216K
  class space    used 3098K, committed 3264K, reserved 327680K
}
Event: 10.795 GC heap before
{Heap before GC invocations=4 (full 0):
 garbage-first heap   total 262144K, used 153950K [0x00000000e0000000, 0x0000000100000000)
  region size 1024K, 126 young (129024K), 12 survivors (12288K)
 Metaspace       used 35537K, committed 35968K, reserved 393216K
  class space    used 4950K, committed 5184K, reserved 327680K
}
Event: 10.800 GC heap after
{Heap after GC invocations=5 (full 0):
 garbage-first heap   total 262144K, used 44545K [0x00000000e0000000, 0x0000000100000000)
  region size 1024K, 11 young (11264K), 11 survivors (11264K)
 Metaspace       used 35537K, committed 35968K, reserved 393216K
  class space    used 4950K, committed 5184K, reserved 327680K
}

Dll operation events (14 events):
Event: 0.023 Loaded shared library C:\Users\Radon\.jdks\corretto-17.0.9\bin\java.dll
Event: 0.360 Loaded shared library C:\Users\Radon\.jdks\corretto-17.0.9\bin\jsvml.dll
Event: 0.422 Loaded shared library C:\Users\Radon\.jdks\corretto-17.0.9\bin\zip.dll
Event: 0.424 Loaded shared library C:\Users\Radon\.jdks\corretto-17.0.9\bin\instrument.dll
Event: 0.428 Loaded shared library C:\Users\Radon\.jdks\corretto-17.0.9\bin\net.dll
Event: 0.429 Loaded shared library C:\Users\Radon\.jdks\corretto-17.0.9\bin\nio.dll
Event: 0.437 Loaded shared library C:\Users\Radon\.jdks\corretto-17.0.9\bin\zip.dll
Event: 2.917 Loaded shared library C:\Users\Radon\.jdks\corretto-17.0.9\bin\jimage.dll
Event: 3.453 Loaded shared library C:\Users\Radon\.jdks\corretto-17.0.9\bin\verify.dll
Event: 4.971 Loaded shared library C:\Users\Radon\.gradle\native\c067742578af261105cb4f569cf0c3c89f3d7b1fecec35dd04571415982c5e48\windows-amd64\native-platform.dll
Event: 4.981 Loaded shared library C:\Users\Radon\.gradle\native\38dada09dfb8b06ba9b0570ebf7e218e3eb74d4ef43ca46872605cf95ebc2f47\windows-amd64\native-platform-file-events.dll
Event: 8.804 Loaded shared library C:\Users\Radon\.jdks\corretto-17.0.9\bin\management.dll
Event: 8.806 Loaded shared library C:\Users\Radon\.jdks\corretto-17.0.9\bin\management_ext.dll
Event: 8.976 Loaded shared library C:\Users\Radon\.jdks\corretto-17.0.9\bin\sunmscapi.dll

Deoptimization events (20 events):
Event: 11.809 Thread 0x0000023e5b02f590 Uncommon trap: trap_request=0xffffff45 fr.pc=0x0000023e358c0028 relative=0x00000000000000a8
Event: 11.809 Thread 0x0000023e5b02f590 Uncommon trap: reason=unstable_if action=reinterpret pc=0x0000023e358c0028 method=java.net.URI.match(CJJ)Z @ 45 c2
Event: 11.809 Thread 0x0000023e5b02f590 DEOPT PACKING pc=0x0000023e358c0028 sp=0x000000b4306f8030
Event: 11.809 Thread 0x0000023e5b02f590 DEOPT UNPACKING pc=0x0000023e34fb69a3 sp=0x000000b4306f7fb8 mode 2
Event: 11.840 Thread 0x0000023e5b02f590 Uncommon trap: trap_request=0xffffffde fr.pc=0x0000023e35925f1c relative=0x000000000000355c
Event: 11.840 Thread 0x0000023e5b02f590 Uncommon trap: reason=class_check action=maybe_recompile pc=0x0000023e35925f1c method=java.util.regex.Pattern$CharProperty.study(Ljava/util/regex/Pattern$TreeInfo;)Z @ 25 c2
Event: 11.840 Thread 0x0000023e5b02f590 DEOPT PACKING pc=0x0000023e35925f1c sp=0x000000b4306f6fc0
Event: 11.840 Thread 0x0000023e5b02f590 DEOPT UNPACKING pc=0x0000023e34fb69a3 sp=0x000000b4306f6e50 mode 2
Event: 11.840 Thread 0x0000023e5b02f590 Uncommon trap: trap_request=0xffffffde fr.pc=0x0000023e35925f1c relative=0x000000000000355c
Event: 11.840 Thread 0x0000023e5b02f590 Uncommon trap: reason=class_check action=maybe_recompile pc=0x0000023e35925f1c method=java.util.regex.Pattern$CharProperty.study(Ljava/util/regex/Pattern$TreeInfo;)Z @ 25 c2
Event: 11.840 Thread 0x0000023e5b02f590 DEOPT PACKING pc=0x0000023e35925f1c sp=0x000000b4306f6fc0
Event: 11.840 Thread 0x0000023e5b02f590 DEOPT UNPACKING pc=0x0000023e34fb69a3 sp=0x000000b4306f6e50 mode 2
Event: 11.840 Thread 0x0000023e5b02f590 Uncommon trap: trap_request=0xffffffde fr.pc=0x0000023e35925f1c relative=0x000000000000355c
Event: 11.840 Thread 0x0000023e5b02f590 Uncommon trap: reason=class_check action=maybe_recompile pc=0x0000023e35925f1c method=java.util.regex.Pattern$CharProperty.study(Ljava/util/regex/Pattern$TreeInfo;)Z @ 25 c2
Event: 11.840 Thread 0x0000023e5b02f590 DEOPT PACKING pc=0x0000023e35925f1c sp=0x000000b4306f6fc0
Event: 11.840 Thread 0x0000023e5b02f590 DEOPT UNPACKING pc=0x0000023e34fb69a3 sp=0x000000b4306f6e50 mode 2
Event: 11.840 Thread 0x0000023e5b02f590 Uncommon trap: trap_request=0xffffffde fr.pc=0x0000023e35925f1c relative=0x000000000000355c
Event: 11.840 Thread 0x0000023e5b02f590 Uncommon trap: reason=class_check action=maybe_recompile pc=0x0000023e35925f1c method=java.util.regex.Pattern$CharProperty.study(Ljava/util/regex/Pattern$TreeInfo;)Z @ 25 c2
Event: 11.840 Thread 0x0000023e5b02f590 DEOPT PACKING pc=0x0000023e35925f1c sp=0x000000b4306f6fc0
Event: 11.840 Thread 0x0000023e5b02f590 DEOPT UNPACKING pc=0x0000023e34fb69a3 sp=0x000000b4306f6e50 mode 2

Classes unloaded (0 events):
No events

Classes redefined (0 events):
No events

Internal exceptions (20 events):
Event: 11.767 Thread 0x0000023e5b02f590 Exception <a 'java/lang/ClassNotFoundException'{0x00000000eb1186c8}: org/gradle/api/internal/DefaultNamedDomainObjectListCustomizer> (0x00000000eb1186c8) 
thrown [s\src\hotspot\share\classfile\systemDictionary.cpp, line 256]
Event: 11.768 Thread 0x0000023e5b02f590 Exception <a 'java/lang/ClassNotFoundException'{0x00000000eb14f7b8}: org/gradle/api/internal/artifacts/DefaultArtifactRepositoryContainerCustomizer> (0x00000000eb14f7b8) 
thrown [s\src\hotspot\share\classfile\systemDictionary.cpp, line 256]
Event: 11.769 Thread 0x0000023e5b02f590 Exception <a 'java/lang/ClassNotFoundException'{0x00000000eb17a6e0}: org/gradle/api/internal/artifacts/dsl/DefaultRepositoryHandlerCustomizer> (0x00000000eb17a6e0) 
thrown [s\src\hotspot\share\classfile\systemDictionary.cpp, line 256]
Event: 11.769 Thread 0x0000023e5b02f590 Exception <a 'java/lang/ClassNotFoundException'{0x00000000eb1b3e28}: org/gradle/api/internal/artifacts/dsl/DefaultRepositoryHandler_DecoratedCustomizer> (0x00000000eb1b3e28) 
thrown [s\src\hotspot\share\classfile\systemDictionary.cpp, line 256]
Event: 11.789 Thread 0x0000023e5b02f590 Exception <a 'java/lang/ClassNotFoundException'{0x00000000eac6f0a0}: org/gradle/api/internal/artifacts/repositories/DefaultMavenArtifactRepository_DecoratedBeanInfo> (0x00000000eac6f0a0) 
thrown [s\src\hotspot\share\classfile\systemDictionary.cpp, line 256]
Event: 11.790 Thread 0x0000023e5b02f590 Exception <a 'java/lang/ClassNotFoundException'{0x00000000eac8aa20}: org/gradle/api/internal/artifacts/repositories/DefaultMavenArtifactRepositoryBeanInfo> (0x00000000eac8aa20) 
thrown [s\src\hotspot\share\classfile\systemDictionary.cpp, line 256]
Event: 11.790 Thread 0x0000023e5b02f590 Exception <a 'java/lang/ClassNotFoundException'{0x00000000eaca65f8}: org/gradle/api/internal/artifacts/repositories/AbstractAuthenticationSupportedRepositoryBeanInfo> (0x00000000eaca65f8) 
thrown [s\src\hotspot\share\classfile\systemDictionary.cpp, line 256]
Event: 11.790 Thread 0x0000023e5b02f590 Exception <a 'java/lang/ClassNotFoundException'{0x00000000eacc2490}: org/gradle/api/internal/artifacts/repositories/AbstractResolutionAwareArtifactRepositoryBeanInfo> (0x00000000eacc2490) 
thrown [s\src\hotspot\share\classfile\systemDictionary.cpp, line 256]
Event: 11.790 Thread 0x0000023e5b02f590 Exception <a 'java/lang/ClassNotFoundException'{0x00000000eacdde28}: org/gradle/api/internal/artifacts/repositories/AbstractArtifactRepositoryBeanInfo> (0x00000000eacdde28) 
thrown [s\src\hotspot\share\classfile\systemDictionary.cpp, line 256]
Event: 11.791 Thread 0x0000023e5b02f590 Exception <a 'java/lang/ClassNotFoundException'{0x00000000eacf97b0}: org/gradle/api/internal/artifacts/repositories/AbstractArtifactRepositoryCustomizer> (0x00000000eacf97b0) 
thrown [s\src\hotspot\share\classfile\systemDictionary.cpp, line 256]
Event: 11.791 Thread 0x0000023e5b02f590 Exception <a 'java/lang/ClassNotFoundException'{0x00000000eab36f90}: org/gradle/api/internal/artifacts/repositories/AbstractResolutionAwareArtifactRepositoryCustomizer> (0x00000000eab36f90) 
thrown [s\src\hotspot\share\classfile\systemDictionary.cpp, line 256]
Event: 11.792 Thread 0x0000023e5b02f590 Exception <a 'java/lang/ClassNotFoundException'{0x00000000eab5e168}: org/gradle/api/internal/artifacts/repositories/AbstractAuthenticationSupportedRepositoryCustomizer> (0x00000000eab5e168) 
thrown [s\src\hotspot\share\classfile\systemDictionary.cpp, line 256]
Event: 11.792 Thread 0x0000023e5b02f590 Exception <a 'java/lang/ClassNotFoundException'{0x00000000eab8e548}: org/gradle/api/internal/artifacts/repositories/DefaultMavenArtifactRepositoryCustomizer> (0x00000000eab8e548) 
thrown [s\src\hotspot\share\classfile\systemDictionary.cpp, line 256]
Event: 11.792 Thread 0x0000023e5b02f590 Exception <a 'java/lang/ClassNotFoundException'{0x00000000eabc1cc0}: org/gradle/api/internal/artifacts/repositories/DefaultMavenArtifactRepository_DecoratedCustomizer> (0x00000000eabc1cc0) 
thrown [s\src\hotspot\share\classfile\systemDictionary.cpp, line 256]
Event: 11.795 Thread 0x0000023e5b02f590 Exception <a 'java/lang/ClassNotFoundException'{0x00000000eaa5f948}: org/gradle/plugin/use/internal/PluginRequestCollector$PluginDependenciesSpecImplBeanInfo> (0x00000000eaa5f948) 
thrown [s\src\hotspot\share\classfile\systemDictionary.cpp, line 256]
Event: 11.796 Thread 0x0000023e5b02f590 Exception <a 'java/lang/ClassNotFoundException'{0x00000000eaa726b8}: org/gradle/plugin/use/internal/PluginRequestCollector$PluginDependenciesSpecImplCustomizer> (0x00000000eaa726b8) 
thrown [s\src\hotspot\share\classfile\systemDictionary.cpp, line 256]
Event: 11.799 Thread 0x0000023e5b02f590 Exception <a 'java/lang/ClassNotFoundException'{0x00000000eaac13c0}: org/gradle/plugin/use/internal/PluginRequestCollector$PluginDependencySpecImplBeanInfo> (0x00000000eaac13c0) 
thrown [s\src\hotspot\share\classfile\systemDictionary.cpp, line 256]
Event: 11.799 Thread 0x0000023e5b02f590 Exception <a 'java/lang/ClassNotFoundException'{0x00000000eaad3380}: org/gradle/plugin/use/internal/PluginRequestCollector$PluginDependencySpecImplCustomizer> (0x00000000eaad3380) 
thrown [s\src\hotspot\share\classfile\systemDictionary.cpp, line 256]
Event: 11.801 Thread 0x0000023e5b02f590 Exception <a 'java/lang/IncompatibleClassChangeError'{0x00000000eaafb8b8}: Found class java.lang.Object, but interface was expected> (0x00000000eaafb8b8) 
thrown [s\src\hotspot\share\interpreter\linkResolver.cpp, line 826]
Event: 11.854 Thread 0x0000023e5b02f590 Exception <a 'java/lang/NoSuchMethodError'{0x00000000ea20bcd8}: 'int java.lang.invoke.DirectMethodHandle$Holder.invokeSpecialIFC(java.lang.Object, java.lang.Object, java.lang.Object)'> (0x00000000ea20bcd8) 
thrown [s\src\hotspot\share\interpreter\linkResolver.cpp, line 759]

VM Operations (20 events):
Event: 10.956 Executing VM operation: HandshakeAllThreads
Event: 10.956 Executing VM operation: HandshakeAllThreads done
Event: 10.958 Executing VM operation: HandshakeAllThreads
Event: 10.958 Executing VM operation: HandshakeAllThreads done
Event: 10.986 Executing VM operation: HandshakeAllThreads
Event: 10.986 Executing VM operation: HandshakeAllThreads done
Event: 11.073 Executing VM operation: HandshakeAllThreads
Event: 11.073 Executing VM operation: HandshakeAllThreads done
Event: 11.091 Executing VM operation: ICBufferFull
Event: 11.092 Executing VM operation: ICBufferFull done
Event: 11.460 Executing VM operation: HandshakeAllThreads
Event: 11.460 Executing VM operation: HandshakeAllThreads done
Event: 11.471 Executing VM operation: HandshakeAllThreads
Event: 11.471 Executing VM operation: HandshakeAllThreads done
Event: 11.482 Executing VM operation: HandshakeAllThreads
Event: 11.482 Executing VM operation: HandshakeAllThreads done
Event: 11.491 Executing VM operation: HandshakeAllThreads
Event: 11.491 Executing VM operation: HandshakeAllThreads done
Event: 11.680 Executing VM operation: ICBufferFull
Event: 11.680 Executing VM operation: ICBufferFull done

Events (20 events):
Event: 11.797 loading class java/util/DualPivotQuicksort
Event: 11.798 loading class java/util/DualPivotQuicksort done
Event: 11.822 loading class javax/net/ssl/HostnameVerifier
Event: 11.823 loading class javax/net/ssl/HostnameVerifier done
Event: 11.823 loading class javax/net/ssl/TrustManager
Event: 11.824 loading class javax/net/ssl/TrustManager done
Event: 11.824 loading class javax/net/ssl/X509TrustManager
Event: 11.824 loading class javax/net/ssl/X509TrustManager done
Event: 11.825 loading class javax/net/ssl/SSLException
Event: 11.825 loading class javax/net/ssl/SSLException done
Event: 11.825 loading class javax/net/ssl/SSLPeerUnverifiedException
Event: 11.825 loading class javax/net/ssl/SSLPeerUnverifiedException done
Event: 11.825 loading class java/security/cert/CertificateParsingException
Event: 11.825 loading class java/security/cert/CertificateException
Event: 11.825 loading class java/security/cert/CertificateException done
Event: 11.825 loading class java/security/cert/CertificateParsingException done
Event: 11.826 loading class javax/naming/NamingException
Event: 11.826 loading class javax/naming/NamingException done
Event: 11.826 loading class javax/naming/InvalidNameException
Event: 11.826 loading class javax/naming/InvalidNameException done


Dynamic libraries:
0x00007ff682690000 - 0x00007ff68269e000 	C:\Users\Radon\.jdks\corretto-17.0.9\bin\java.exe
0x00007ffab9870000 - 0x00007ffab9a87000 	C:\WINDOWS\SYSTEM32\ntdll.dll
0x00007ffab8ed0000 - 0x00007ffab8f94000 	C:\WINDOWS\System32\KERNEL32.DLL
0x00007ffab6d50000 - 0x00007ffab70f7000 	C:\WINDOWS\System32\KERNELBASE.dll
0x00007ffab6c30000 - 0x00007ffab6d41000 	C:\WINDOWS\System32\ucrtbase.dll
0x00007ffaae870000 - 0x00007ffaae887000 	C:\Users\Radon\.jdks\corretto-17.0.9\bin\jli.dll
0x00007ffa99f00000 - 0x00007ffa99f1b000 	C:\Users\Radon\.jdks\corretto-17.0.9\bin\VCRUNTIME140.dll
0x00007ffab9320000 - 0x00007ffab94ce000 	C:\WINDOWS\System32\USER32.dll
0x00007ffab7450000 - 0x00007ffab7476000 	C:\WINDOWS\System32\win32u.dll
0x00007ffaafb90000 - 0x00007ffaafe23000 	C:\WINDOWS\WinSxS\amd64_microsoft.windows.common-controls_6595b64144ccf1df_6.0.22621.3527_none_270e469b73872a76\COMCTL32.dll
0x00007ffab75a0000 - 0x00007ffab75c9000 	C:\WINDOWS\System32\GDI32.dll
0x00007ffab9580000 - 0x00007ffab9627000 	C:\WINDOWS\System32\msvcrt.dll
0x00007ffab7480000 - 0x00007ffab7599000 	C:\WINDOWS\System32\gdi32full.dll
0x00007ffab7330000 - 0x00007ffab73ca000 	C:\WINDOWS\System32\msvcp_win.dll
0x00007ffab9280000 - 0x00007ffab92b1000 	C:\WINDOWS\System32\IMM32.DLL
0x00007ffa9aa60000 - 0x00007ffa9aa6c000 	C:\Users\Radon\.jdks\corretto-17.0.9\bin\vcruntime140_1.dll
0x00007ffa96000000 - 0x00007ffa9608d000 	C:\Users\Radon\.jdks\corretto-17.0.9\bin\msvcp140.dll
0x00007ffa37a20000 - 0x00007ffa38681000 	C:\Users\Radon\.jdks\corretto-17.0.9\bin\server\jvm.dll
0x00007ffab7910000 - 0x00007ffab79c2000 	C:\WINDOWS\System32\ADVAPI32.dll
0x00007ffab9160000 - 0x00007ffab9208000 	C:\WINDOWS\System32\sechost.dll
0x00007ffab6b90000 - 0x00007ffab6bb8000 	C:\WINDOWS\System32\bcrypt.dll
0x00007ffab9710000 - 0x00007ffab9825000 	C:\WINDOWS\System32\RPCRT4.dll
0x00007ffa9dc30000 - 0x00007ffa9dc39000 	C:\WINDOWS\SYSTEM32\WSOCK32.dll
0x00007ffab60c0000 - 0x00007ffab610d000 	C:\WINDOWS\SYSTEM32\POWRPROF.dll
0x00007ffab8de0000 - 0x00007ffab8e51000 	C:\WINDOWS\System32\WS2_32.dll
0x00007ffaabcc0000 - 0x00007ffaabcf4000 	C:\WINDOWS\SYSTEM32\WINMM.dll
0x00007ffaaf850000 - 0x00007ffaaf85a000 	C:\WINDOWS\SYSTEM32\VERSION.dll
0x00007ffab6010000 - 0x00007ffab6023000 	C:\WINDOWS\SYSTEM32\UMPDC.dll
0x00007ffab5bb0000 - 0x00007ffab5bc8000 	C:\WINDOWS\SYSTEM32\kernel.appcore.dll
0x00007ffa9a2d0000 - 0x00007ffa9a2da000 	C:\Users\Radon\.jdks\corretto-17.0.9\bin\jimage.dll
0x00007ffab4360000 - 0x00007ffab4592000 	C:\WINDOWS\SYSTEM32\DBGHELP.DLL
0x00007ffab88f0000 - 0x00007ffab8c78000 	C:\WINDOWS\System32\combase.dll
0x00007ffab9630000 - 0x00007ffab9707000 	C:\WINDOWS\System32\OLEAUT32.dll
0x00007ffaafa40000 - 0x00007ffaafa72000 	C:\WINDOWS\SYSTEM32\dbgcore.DLL
0x00007ffab73d0000 - 0x00007ffab7449000 	C:\WINDOWS\System32\bcryptPrimitives.dll
0x00007ffa9a150000 - 0x00007ffa9a15e000 	C:\Users\Radon\.jdks\corretto-17.0.9\bin\instrument.dll
0x00007ffa99ed0000 - 0x00007ffa99ef5000 	C:\Users\Radon\.jdks\corretto-17.0.9\bin\java.dll
0x00007ffa849f0000 - 0x00007ffa84ac7000 	C:\Users\Radon\.jdks\corretto-17.0.9\bin\jsvml.dll
0x00007ffab7b60000 - 0x00007ffab83bc000 	C:\WINDOWS\System32\SHELL32.dll
0x00007ffab4970000 - 0x00007ffab5266000 	C:\WINDOWS\SYSTEM32\windows.storage.dll
0x00007ffab52a0000 - 0x00007ffab53de000 	C:\WINDOWS\SYSTEM32\wintypes.dll
0x00007ffab7a60000 - 0x00007ffab7b55000 	C:\WINDOWS\System32\SHCORE.dll
0x00007ffab7890000 - 0x00007ffab78ee000 	C:\WINDOWS\System32\shlwapi.dll
0x00007ffab6ac0000 - 0x00007ffab6ae1000 	C:\WINDOWS\SYSTEM32\profapi.dll
0x00007ffa99500000 - 0x00007ffa99518000 	C:\Users\Radon\.jdks\corretto-17.0.9\bin\zip.dll
0x00007ffa98640000 - 0x00007ffa98659000 	C:\Users\Radon\.jdks\corretto-17.0.9\bin\net.dll
0x00007ffab1770000 - 0x00007ffab18a6000 	C:\WINDOWS\SYSTEM32\WINHTTP.dll
0x00007ffab6110000 - 0x00007ffab6179000 	C:\WINDOWS\system32\mswsock.dll
0x00007ffa98620000 - 0x00007ffa98636000 	C:\Users\Radon\.jdks\corretto-17.0.9\bin\nio.dll
0x00007ffa99ff0000 - 0x00007ffa9a000000 	C:\Users\Radon\.jdks\corretto-17.0.9\bin\verify.dll
0x00007ffa99f80000 - 0x00007ffa99fa7000 	C:\Users\Radon\.gradle\native\c067742578af261105cb4f569cf0c3c89f3d7b1fecec35dd04571415982c5e48\windows-amd64\native-platform.dll
0x00007ffa71120000 - 0x00007ffa71264000 	C:\Users\Radon\.gradle\native\38dada09dfb8b06ba9b0570ebf7e218e3eb74d4ef43ca46872605cf95ebc2f47\windows-amd64\native-platform-file-events.dll
0x00007ffaae890000 - 0x00007ffaae899000 	C:\Users\Radon\.jdks\corretto-17.0.9\bin\management.dll
0x00007ffa99e70000 - 0x00007ffa99e7b000 	C:\Users\Radon\.jdks\corretto-17.0.9\bin\management_ext.dll
0x00007ffab7a50000 - 0x00007ffab7a58000 	C:\WINDOWS\System32\PSAPI.DLL
0x00007ffab6370000 - 0x00007ffab638b000 	C:\WINDOWS\SYSTEM32\CRYPTSP.dll
0x00007ffab5b10000 - 0x00007ffab5b45000 	C:\WINDOWS\system32\rsaenh.dll
0x00007ffab6210000 - 0x00007ffab6238000 	C:\WINDOWS\SYSTEM32\USERENV.dll
0x00007ffab6390000 - 0x00007ffab639c000 	C:\WINDOWS\SYSTEM32\CRYPTBASE.dll
0x00007ffab5630000 - 0x00007ffab565d000 	C:\WINDOWS\SYSTEM32\IPHLPAPI.DLL
0x00007ffab83d0000 - 0x00007ffab83d9000 	C:\WINDOWS\System32\NSI.dll
0x00007ffab1950000 - 0x00007ffab1969000 	C:\WINDOWS\SYSTEM32\dhcpcsvc6.DLL
0x00007ffab1750000 - 0x00007ffab176f000 	C:\WINDOWS\SYSTEM32\dhcpcsvc.DLL
0x00007ffab5660000 - 0x00007ffab5758000 	C:\WINDOWS\SYSTEM32\DNSAPI.dll
0x00007ffa999b0000 - 0x00007ffa999be000 	C:\Users\Radon\.jdks\corretto-17.0.9\bin\sunmscapi.dll
0x00007ffab71c0000 - 0x00007ffab7328000 	C:\WINDOWS\System32\CRYPT32.dll
0x00007ffab6510000 - 0x00007ffab653e000 	C:\WINDOWS\SYSTEM32\ncrypt.dll
0x00007ffab64d0000 - 0x00007ffab6507000 	C:\WINDOWS\SYSTEM32\NTASN1.dll
0x00007ffaafa80000 - 0x00007ffaafa88000 	C:\WINDOWS\system32\wshunix.dll

dbghelp: loaded successfully - version: 4.0.5 - missing functions: none
symbol engine: initialized successfully - sym options: 0x614 - pdb path: .;C:\Users\Radon\.jdks\corretto-17.0.9\bin;C:\WINDOWS\SYSTEM32;C:\WINDOWS\WinSxS\amd64_microsoft.windows.common-controls_6595b64144ccf1df_6.0.22621.3527_none_270e469b73872a76;C:\Users\Radon\.jdks\corretto-17.0.9\bin\server;C:\Users\Radon\.gradle\native\c067742578af261105cb4f569cf0c3c89f3d7b1fecec35dd04571415982c5e48\windows-amd64;C:\Users\Radon\.gradle\native\38dada09dfb8b06ba9b0570ebf7e218e3eb74d4ef43ca46872605cf95ebc2f47\windows-amd64

VM Arguments:
jvm_args: --add-opens=java.base/java.util=ALL-UNNAMED --add-opens=java.base/java.lang=ALL-UNNAMED --add-opens=java.base/java.lang.invoke=ALL-UNNAMED --add-opens=java.prefs/java.util.prefs=ALL-UNNAMED --add-opens=java.base/java.nio.charset=ALL-UNNAMED --add-opens=java.base/java.net=ALL-UNNAMED --add-opens=java.base/java.util.concurrent.atomic=ALL-UNNAMED -XX:MaxMetaspaceSize=384m -XX:+HeapDumpOnOutOfMemoryError -Xms256m -Xmx512m -Dfile.encoding=windows-1252 -Duser.country=GB -Duser.language=en -Duser.variant -javaagent:C:\Users\Radon\.gradle\wrapper\dists\gradle-8.7-bin\bhs2wmbdwecv87pi65oeuq5iu\gradle-8.7\lib\agents\gradle-instrumentation-agent-8.7.jar 
java_command: org.gradle.launcher.daemon.bootstrap.GradleDaemon 8.7
java_class_path (initial): C:\Users\Radon\.gradle\wrapper\dists\gradle-8.7-bin\bhs2wmbdwecv87pi65oeuq5iu\gradle-8.7\lib\gradle-launcher-8.7.jar
Launcher Type: SUN_STANDARD

[Global flags]
     intx CICompilerCount                          = 12                                        {product} {ergonomic}
   size_t CompressedClassSpaceSize                 = 335544320                                 {product} {ergonomic}
     uint ConcGCThreads                            = 4                                         {product} {ergonomic}
     uint G1ConcRefinementThreads                  = 15                                        {product} {ergonomic}
   size_t G1HeapRegionSize                         = 1048576                                   {product} {ergonomic}
    uintx GCDrainStackTargetSize                   = 64                                        {product} {ergonomic}
     bool HeapDumpOnOutOfMemoryError               = true                                   {manageable} {command line}
   size_t InitialHeapSize                          = 268435456                                 {product} {command line}
   size_t MarkStackSize                            = 4194304                                   {product} {ergonomic}
   size_t MaxHeapSize                              = 536870912                                 {product} {command line}
   size_t MaxMetaspaceSize                         = 402653184                                 {product} {command line}
   size_t MaxNewSize                               = 321912832                                 {product} {ergonomic}
   size_t MinHeapDeltaBytes                        = 1048576                                   {product} {ergonomic}
   size_t MinHeapSize                              = 268435456                                 {product} {command line}
    uintx NonNMethodCodeHeapSize                   = 7602480                                {pd product} {ergonomic}
    uintx NonProfiledCodeHeapSize                  = 122027880                              {pd product} {ergonomic}
    uintx ProfiledCodeHeapSize                     = 122027880                              {pd product} {ergonomic}
    uintx ReservedCodeCacheSize                    = 251658240                              {pd product} {ergonomic}
     bool SegmentedCodeCache                       = true                                      {product} {ergonomic}
   size_t SoftMaxHeapSize                          = 536870912                              {manageable} {ergonomic}
     bool UseCompressedClassPointers               = true                           {product lp64_product} {ergonomic}
     bool UseCompressedOops                        = true                           {product lp64_product} {ergonomic}
     bool UseG1GC                                  = true                                      {product} {ergonomic}
     bool UseLargePagesIndividualAllocation        = false                                  {pd product} {ergonomic}

Logging:
Log output configuration:
 #0: stdout all=warning uptime,level,tags
 #1: stderr all=off uptime,level,tags

Environment Variables:
JAVA_HOME=C:\Program Files\Java\jdk-17
PATH=C:\WINDOWS\system32;C:\WINDOWS;C:\WINDOWS\System32\Wbem;C:\WINDOWS\System32\WindowsPowerShell\v1.0\;C:\WINDOWS\System32\OpenSSH\;C:\Program Files\dotnet\;C:\Program Files (x86)\Windows Kits\10\Windows Performance Toolkit\;C:\Program Files\Git\cmd;C:\ProgramData\chocolatey\bin;C:\Program Files\CMake\bin;C:\Program Files\Docker\Docker\resources\bin;C:\Ninja;C:\Program Files\nodejs\;C:\Program Files\Calibre2\;C:\Users\Radon\AppData\Local\Programs\Python\Python312\Scripts\;C:\Users\Radon\AppData\Local\Programs\Python\Python312\;C:\Users\Radon\AppData\Local\Programs\Python\Launcher\;C:\Users\Radon\AppData\Local\Microsoft\WindowsApps;C:\Users\Radon\.dotnet\tools;C:\Users\Radon\AppData\Local\Programs\Microsoft VS Code\bin;C:\Users\Radon\AppData\Roaming\npm;C:\Users\Radon\AppData\Local\Android\Sdk\platform-tools;C:\Users\Radon\AppData\Local\Programs\Fiddler;C:\Users\Radon\AppData\Local\Android\Sdk\build-tools\34.0.0;C:\Program Files\Java\jdk-17\bin;
USERNAME=Radon
OS=Windows_NT
PROCESSOR_IDENTIFIER=Intel64 Family 6 Model 183 Stepping 1, GenuineIntel
TMP=C:\Users\Radon\AppData\Local\Temp
TEMP=C:\Users\Radon\AppData\Local\Temp



Periodic native trim disabled


---------------  S Y S T E M  ---------------

OS:
 Windows 11 , 64 bit Build 22621 (10.0.22621.3527)
OS uptime: 10 days 0:40 hours

CPU: total 20 (initial active 20) (10 cores per cpu, 2 threads per core) family 6 model 183 stepping 1 microcode 0x10e, cx8, cmov, fxsr, ht, mmx, 3dnowpref, sse, sse2, sse3, ssse3, sse4.1, sse4.2, popcnt, lzcnt, tsc, tscinvbit, avx, avx2, aes, erms, clmul, bmi1, bmi2, adx, sha, fma, vzeroupper, clflush, clflushopt, clwb
Processor Information for all 20 processors :
  Max Mhz: 3500, Current Mhz: 3500, Mhz Limit: 3500

Memory: 4k page, system-wide physical 32538M (2832M free)
TotalPageFile size 130842M (AvailPageFile size 6M)
current process WorkingSet (physical memory assigned to process): 351M, peak: 351M
current process commit charge ("private bytes"): 491M, peak: 493M

vm_info: OpenJDK 64-Bit Server VM (17.0.9+8-LTS) for windows-amd64 JRE (17.0.9+8-LTS), built on Oct 12 2023 16:15:33 by "Administrator" with MS VC++ 16.10 / 16.11 (VS2019)

END.
