[12Feb2024 14:00:35.094] [main/INFO] [cpw.mods.modlauncher.Launcher/MODLAUNCHER]: ModLauncher running: args [--launchTarget, forgeclientuserdev, --version, 20.4.159-beta, --assetIndex, asset-index, --assetsDir, C:\Users\Radon\.gradle\caches\minecraft\assets\1.20.4, --gameDir, ., --fml.neoForgeVersion, 20.4.159-beta, --fml.fmlVersion, 2.0.11, --fml.mcVersion, 1.20.4, --fml.neoFormVersion, 20231207.154220]
[12Feb2024 14:00:35.098] [main/INFO] [cpw.mods.modlauncher.Launcher/MODLAUNCHER]: ModLauncher 10.0.9+10.0.9+main.dcd20f30 starting: java version 17.0.9 by Amazon.com Inc.; OS Windows 11 arch amd64 version 10.0
[12Feb2024 14:00:35.183] [main/INFO] [net.neoforged.fml.loading.ImmediateWindowHandler/]: Loading ImmediateWindowProvider fmlearlywindow
[12Feb2024 14:00:35.248] [main/INFO] [EARLYDISPLAY/]: Trying GL version 4.6
[12Feb2024 14:00:35.308] [main/INFO] [EARLYDISPLAY/]: Requested GL version 4.6 got version 4.6
[12Feb2024 14:00:35.363] [main/INFO] [mixin/]: SpongePowered MIXIN Subsystem Version=0.8.5 Source=union:/C:/Users/Radon/.gradle/caches/modules-2/files-2.1/org.spongepowered/mixin/0.8.5/9d1c0c3a304ae6697ecd477218fa61b850bf57fc/mixin-0.8.5.jar%23113!/ Service=ModLauncher Env=CLIENT
[12Feb2024 14:00:35.379] [pool-2-thread-1/INFO] [EARLYDISPLAY/]: GL info: AMD Radeon RX 6700 XT GL version 4.6.0 Core Profile Context 22.20.27.09.230823, ATI Technologies Inc.
[12Feb2024 14:00:35.502] [main/INFO] [net.neoforged.fml.loading.moddiscovery.ModDiscoverer/SCAN]: Found mod file "neoforge-20.4.159-beta.jar" of type MOD with provider net.neoforged.fml.loading.moddiscovery.MinecraftLocator@7e11ab3d
[12Feb2024 14:00:35.502] [main/INFO] [net.neoforged.fml.loading.moddiscovery.ModDiscoverer/SCAN]: Found mod file "main" of type MOD with provider net.neoforged.fml.loading.moddiscovery.MinecraftLocator@7e11ab3d
[12Feb2024 14:00:35.502] [main/INFO] [net.neoforged.fml.loading.moddiscovery.ModDiscoverer/SCAN]: Found mod file "" of type MOD with provider net.neoforged.fml.loading.moddiscovery.MinecraftLocator@7e11ab3d
[12Feb2024 14:00:35.520] [main/INFO] [net.neoforged.fml.loading.moddiscovery.ModDiscoverer/SCAN]: Found mod file "geckolib-neoforge-1.20.4-4.4.jar" of type MOD with provider net.neoforged.fml.loading.moddiscovery.ClasspathLocator@df1cff6
[12Feb2024 14:00:35.520] [main/INFO] [net.neoforged.fml.loading.moddiscovery.ModDiscoverer/SCAN]: Found mod file "curios-neoforge-7.3.0+1.20.4.jar" of type MOD with provider net.neoforged.fml.loading.moddiscovery.ClasspathLocator@df1cff6
[12Feb2024 14:00:35.520] [main/INFO] [net.neoforged.fml.loading.moddiscovery.ModDiscoverer/SCAN]: Found mod file "geckolib-neoforge-1.20.4-4.4.jar" of type MOD with provider net.neoforged.fml.loading.moddiscovery.ClasspathLocator@df1cff6
[12Feb2024 14:00:35.521] [main/INFO] [net.neoforged.fml.loading.moddiscovery.ModDiscoverer/SCAN]: Found mod file "curios-neoforge-7.3.0+1.20.4.jar" of type MOD with provider net.neoforged.fml.loading.moddiscovery.ClasspathLocator@df1cff6
[12Feb2024 14:00:35.600] [main/INFO] [net.neoforged.fml.loading.moddiscovery.JarInJarDependencyLocator/]: Found 2 dependencies adding them to mods collection
[12Feb2024 14:00:35.601] [main/INFO] [net.neoforged.fml.loading.moddiscovery.ModDiscoverer/SCAN]: Found mod file "mclib-20.jar" of type GAMELIBRARY with provider net.neoforged.fml.loading.moddiscovery.JarInJarDependencyLocator@5652f555
[12Feb2024 14:00:35.601] [main/INFO] [net.neoforged.fml.loading.moddiscovery.ModDiscoverer/SCAN]: Found mod file "mixinextras-neoforge-0.3.5.jar" of type GAMELIBRARY with provider net.neoforged.fml.loading.moddiscovery.JarInJarDependencyLocator@5652f555
[12Feb2024 14:00:36.430] [main/INFO] [mixin/]: Compatibility level set to JAVA_17
[12Feb2024 14:00:36.437] [main/INFO] [cpw.mods.modlauncher.LaunchServiceHandler/MODLAUNCHER]: Launching target 'forgeclientuserdev' with arguments [--version, 20.4.159-beta, --gameDir, ., --assetsDir, C:\Users\Radon\.gradle\caches\minecraft\assets\1.20.4, --assetIndex, asset-index]
[12Feb2024 14:00:36.496] [main/WARN] [mixin/]: Reference map 'jujutsu_kaisen.refmap.json' for jujutsu_kaisen.mixins.json could not be read. If this is a development environment you can ignore this message
[12Feb2024 14:00:36.498] [main/WARN] [mixin/]: Reference map 'curios.refmap.json' for curios.neoforge.mixins.json could not be read. If this is a development environment you can ignore this message
[12Feb2024 14:00:36.499] [main/WARN] [mixin/]: Reference map 'curios.refmap.json' for curios.mixins.json could not be read. If this is a development environment you can ignore this message
[12Feb2024 14:00:36.753] [main/INFO] [MixinExtras|Service/]: Initializing MixinExtras via com.llamalad7.mixinextras.service.MixinExtrasServiceImpl(version=0.3.5).
